[INFO    ] Setting up logfile :  astrodrizzle.log
[INFO    ] AstroDrizzle Version 2.2.6 (2018-11-02 15:37:13 -0400) started at: 18:25:24.268 (02/05/2019)
[INFO    ] 
[INFO    ] Version Information
[INFO    ] --------------------
[INFO    ] Python Version [GCC 7.3.0]
[INFO    ] 2.7.15 |Anaconda, Inc.| (default, Dec 14 2018, 19:04:19) 
[INFO    ] numpy Version -> 1.16.3 
[INFO    ] astropy Version -> 2.0.9 
[INFO    ] stwcs Version -> 1.3.2 
[INFO    ] ==== Processing Step  Initialization  started at  18:25:24.272 (02/05/2019)
[INFO    ] Updating input WCS using "updatewcs"
[INFO    ] Executing serially
[INFO    ] - IDCTAB: Distortion model from row 354 for chip 3 : F336W
[INFO    ] - OFFTAB: Offset interpolated from rows 27 and 31
[INFO    ] - IDCTAB: Distortion model from row 22 for chip 1 : F336W
[INFO    ] - OFFTAB: Offset interpolated from rows 25 and 29
[INFO    ] - IDCTAB: Distortion model from row 188 for chip 2 : F336W
[INFO    ] - OFFTAB: Offset interpolated from rows 26 and 30
[INFO    ] - IDCTAB: Distortion model from row 354 for chip 3 : F336W
[INFO    ] - OFFTAB: Offset interpolated from rows 27 and 31
[INFO    ] - IDCTAB: Distortion model from row 520 for chip 4 : F336W
[INFO    ] - OFFTAB: Offset interpolated from rows 28 and 32
[INFO    ] - IDCTAB: Distortion model from row 354 for chip 3 : F336W
[INFO    ] - OFFTAB: Offset interpolated from rows 27 and 31
[INFO    ] - IDCTAB: Distortion model from row 22 for chip 1 : F336W
[INFO    ] - OFFTAB: Offset interpolated from rows 25 and 29
[INFO    ] - IDCTAB: Distortion model from row 188 for chip 2 : F336W
[INFO    ] - OFFTAB: Offset interpolated from rows 26 and 30
[INFO    ] - IDCTAB: Distortion model from row 354 for chip 3 : F336W
[INFO    ] - OFFTAB: Offset interpolated from rows 27 and 31
[INFO    ] - IDCTAB: Distortion model from row 520 for chip 4 : F336W
[INFO    ] - OFFTAB: Offset interpolated from rows 28 and 32
[INFO    ] No valid input, quitting ...
[INFO    ] 
[INFO    ] Setting up output name: final_drz.fits
[INFO    ] -Creating imageObject List as input for processing steps.
[INFO    ] Reading in MDRIZSKY of 0.218921100984
[INFO    ] Reading in MDRIZSKY of 1.04732179642
[INFO    ] Reading in MDRIZSKY of 1.04692205327
[INFO    ] Reading in MDRIZSKY of 1.04791103066
[INFO    ] Reading in MDRIZSKY of 0.203244866401
[INFO    ] Reading in MDRIZSKY of 0.9723264575
[INFO    ] Reading in MDRIZSKY of 0.971955338672
[INFO    ] Reading in MDRIZSKY of 0.972873498576
[INFO    ] -Creating output WCS.
[INFO    ] WCS Keywords
[INFO    ] 
[INFO    ] Number of WCS axes: 2
[INFO    ] CTYPE : 'RA---TAN'  'DEC--TAN'  
[INFO    ] CRVAL : 265.1475905879907  -53.666361708665825  
[INFO    ] CRPIX : 1666.0  1644.0  
[INFO    ] CD1_1 CD1_2  : -8.986323155497624e-06  -8.893021201101392e-06  
[INFO    ] CD2_1 CD2_2  : -8.893021201101392e-06  8.986323155497624e-06  
[INFO    ] NAXIS : 3332  3288
[INFO    ] ********************************************************************************
[INFO    ] *
[INFO    ] *  Estimated memory usage:  up to 1042 Mb.
[INFO    ] *  Output image size:       3332 X 3288 pixels. 
[INFO    ] *  Output image file:       ~ 125 Mb. 
[INFO    ] *  Cores available:         8
[INFO    ] *
[INFO    ] ********************************************************************************
[INFO    ] ==== Processing Step  Initialization  finished at  18:25:26.909 (02/05/2019)
[INFO    ] 
[INFO    ] USER INPUT PARAMETERS common to all Processing Steps:
[INFO    ] 	build :	False
[INFO    ] 	coeffs :	True
[INFO    ] 	context :	True
[INFO    ] 	crbit :	4096
[INFO    ] 	group :	
[INFO    ] 	in_memory :	False
[INFO    ] 	input :	data/u9710203m_c0m.fits,data/u9710103m_c0m_d2im.fits,data/u9710103m_c0m.fits
[INFO    ] 	mdriztab :	False
[INFO    ] 	num_cores :	None
[INFO    ] 	output :	
[INFO    ] 	proc_unit :	native
[INFO    ] 	resetbits :	4096
[INFO    ] 	runfile :	astrodrizzle.log
[INFO    ] 	stepsize :	10
[INFO    ] 	updatewcs :	True
[INFO    ] 	wcskey :	
[INFO    ] ==== Processing Step  Static Mask  started at  18:25:26.913 (02/05/2019)
[INFO    ] USER INPUT PARAMETERS for Static Mask Step:
[INFO    ] 	static :	True
[INFO    ] 	static_sig :	4.0
[INFO    ] Computing static mask:

[INFO    ]   mode =  0.416945;   rms = 3.003294;   static_sig = 4.00
[INFO    ]   mode =  0.681480;   rms = 6.008469;   static_sig = 4.00
[INFO    ]   mode =  2.346530;   rms = 14.153119;   static_sig = 4.00
[INFO    ]   mode =  1.299424;   rms = 12.199553;   static_sig = 4.00
[INFO    ] Computing static mask:

[INFO    ]   mode =  0.515279;   rms = 2.391581;   static_sig = 4.00
[INFO    ]   mode =  0.836107;   rms = 4.955469;   static_sig = 4.00
[INFO    ]   mode =  1.742042;   rms = 11.395225;   static_sig = 4.00
[INFO    ]   mode =  1.714989;   rms = 7.525385;   static_sig = 4.00
[INFO    ] Saving static mask to disk: ./WFPC2PC_800x800_1_staticMask.fits
[INFO    ] Saving static mask to disk: ./WFPC2WF4_800x800_4_staticMask.fits
[INFO    ] Saving static mask to disk: ./WFPC2WF3_800x800_3_staticMask.fits
[INFO    ] Saving static mask to disk: ./WFPC2WF2_800x800_2_staticMask.fits
[INFO    ] ==== Processing Step  Static Mask  finished at  18:25:27.063 (02/05/2019)
[INFO    ] 
[INFO    ] ==== Processing Step  Subtract Sky  started at  18:25:27.066 (02/05/2019)
[INFO    ] USER INPUT PARAMETERS for Sky Subtraction Step:
[INFO    ] 	sky_bits :	0
[INFO    ] 	skyclip :	5
[INFO    ] 	skyfile :	
[INFO    ] 	skylower :	None
[INFO    ] 	skylsigma :	4.0
[INFO    ] 	skymask_cat :	
[INFO    ] 	skymethod :	localmin
[INFO    ] 	skystat :	median
[INFO    ] 	skysub :	True
[INFO    ] 	skyupper :	None
[INFO    ] 	skyuser :	
[INFO    ] 	skyusigma :	4.0
[INFO    ] 	skywidth :	0.1
[INFO    ] 	use_static :	True
[INFO    ] ***** skymatch started on 2019-05-02 18:25:27.345553
[INFO    ]       Version 0.9.15 (2018-07-03 21:07:36 -0400)
[INFO    ] 
[INFO    ] 'skymatch' task will apply computed sky differences to input image file(s).
[INFO    ] 
[INFO    ] NOTE: Computed sky values WILL NOT be subtracted from image data ('subtractsky'=False).
[INFO    ] 'MDRIZSKY' header keyword will represent sky value *computed* from data.
[INFO    ] 
[INFO    ] -----  User specified keywords:  -----
[INFO    ]        Sky Value Keyword:  'MDRIZSKY'
[INFO    ]        Data Units Keyword: 'BUNIT'
[INFO    ] 
[INFO    ] 
[INFO    ] -----  Input file list:  -----
[INFO    ] 
[INFO    ]    **  Input image: 'u9710103m_c0m.fits'
[INFO    ]        EXT: 'SCI',1;	MASK: u9710103m_skymatch_mask_sci1.fits[0]
[INFO    ]        EXT: 'SCI',2;	MASK: u9710103m_skymatch_mask_sci2.fits[0]
[INFO    ]        EXT: 'SCI',3;	MASK: u9710103m_skymatch_mask_sci3.fits[0]
[INFO    ]        EXT: 'SCI',4;	MASK: u9710103m_skymatch_mask_sci4.fits[0]
[INFO    ] 
[INFO    ]    **  Input image: 'u9710203m_c0m.fits'
[INFO    ]        EXT: 'SCI',1;	MASK: u9710203m_skymatch_mask_sci1.fits[0]
[INFO    ]        EXT: 'SCI',2;	MASK: u9710203m_skymatch_mask_sci2.fits[0]
[INFO    ]        EXT: 'SCI',3;	MASK: u9710203m_skymatch_mask_sci3.fits[0]
[INFO    ]        EXT: 'SCI',4;	MASK: u9710203m_skymatch_mask_sci4.fits[0]
[INFO    ] 
[INFO    ] -----  Sky statistics parameters:  -----
[INFO    ]        statistics function: 'median'
[INFO    ]        lower = None
[INFO    ]        upper = None
[INFO    ]        nclip = 5
[INFO    ]        lsigma = 4.0
[INFO    ]        usigma = 4.0
[INFO    ]        binwidth = 0.1
[INFO    ] 
[INFO    ] -----  Data->Brightness conversion parameters for input files:  -----
[INFO    ] 
[INFO    ]    *   Image: u9710103m_c0m.fits
[INFO    ]        EXT = 'SCI',1
[INFO    ]              Data units type: COUNTS
[INFO    ]              EXPTIME: 700.0 [s]
[INFO    ]              Conversion factor (data->brightness):  0.689623336927
[INFO    ]        EXT = 'SCI',2
[INFO    ]              Data units type: COUNTS
[INFO    ]              EXPTIME: 700.0 [s]
[INFO    ]              Conversion factor (data->brightness):  0.14415158808
[INFO    ]        EXT = 'SCI',3
[INFO    ]              Data units type: COUNTS
[INFO    ]              EXPTIME: 700.0 [s]
[INFO    ]              Conversion factor (data->brightness):  0.144206629054
[INFO    ]        EXT = 'SCI',4
[INFO    ]              Data units type: COUNTS
[INFO    ]              EXPTIME: 700.0 [s]
[INFO    ]              Conversion factor (data->brightness):  0.144070532486
[INFO    ] 
[INFO    ]    *   Image: u9710203m_c0m.fits
[INFO    ]        EXT = 'SCI',1
[INFO    ]              Data units type: COUNTS
[INFO    ]              EXPTIME: 600.0 [s]
[INFO    ]              Conversion factor (data->brightness):  0.804560559749
[INFO    ]        EXT = 'SCI',2
[INFO    ]              Data units type: COUNTS
[INFO    ]              EXPTIME: 600.0 [s]
[INFO    ]              Conversion factor (data->brightness):  0.16817685276
[INFO    ]        EXT = 'SCI',3
[INFO    ]              Data units type: COUNTS
[INFO    ]              EXPTIME: 600.0 [s]
[INFO    ]              Conversion factor (data->brightness):  0.16824106723
[INFO    ]        EXT = 'SCI',4
[INFO    ]              Data units type: COUNTS
[INFO    ]              EXPTIME: 600.0 [s]
[INFO    ]              Conversion factor (data->brightness):  0.1680822879
[INFO    ] 
[INFO    ] 
[INFO    ] -----  Computing sky values requested image extensions (detector chips):  -----
[INFO    ] 
[INFO    ]    *   Image:   'u9710103m_c0m.fits['SCI',1,2,3,4]'  --  SKY = 0.150973100185 (brightness units)
[INFO    ]        Sky change (data units):
[INFO    ]       - EXT = 'SCI',1   delta(MDRIZSKY) = 0.218921   NEW MDRIZSKY = 0.218921
[INFO    ]       - EXT = 'SCI',2   delta(MDRIZSKY) = 1.04732   NEW MDRIZSKY = 1.04732
[INFO    ]       - EXT = 'SCI',3   delta(MDRIZSKY) = 1.04692   NEW MDRIZSKY = 1.04692
[INFO    ]       - EXT = 'SCI',4   delta(MDRIZSKY) = 1.04791   NEW MDRIZSKY = 1.04791
[INFO    ]    *   Image:   'u9710203m_c0m.fits['SCI',1,2,3,4]'  --  SKY = 0.163522803478 (brightness units)
[INFO    ]        Sky change (data units):
[INFO    ]       - EXT = 'SCI',1   delta(MDRIZSKY) = 0.203245   NEW MDRIZSKY = 0.203245
[INFO    ]       - EXT = 'SCI',2   delta(MDRIZSKY) = 0.972326   NEW MDRIZSKY = 0.972326
[INFO    ]       - EXT = 'SCI',3   delta(MDRIZSKY) = 0.971955   NEW MDRIZSKY = 0.971955
[INFO    ]       - EXT = 'SCI',4   delta(MDRIZSKY) = 0.972873   NEW MDRIZSKY = 0.972873
[INFO    ] ***** skymatch ended on 2019-05-02 18:25:27.984578
[INFO    ] TOTAL RUN TIME: 0:00:00.639025
[INFO    ] ==== Processing Step  Subtract Sky  finished at  18:25:28.081 (02/05/2019)
[INFO    ] 
[INFO    ] ==== Processing Step  Separate Drizzle  started at  18:25:28.085 (02/05/2019)
[INFO    ] Interpreted paramDict with single=True as:
{'pixfrac': 1.0, 'wt_scl': 'exptime', 'units': 'cps', 'kernel': 'turbo', 'wcskey': '', 'compress': False, 'stepsize': 10, 'build': False, 'fillval': 99999, 'coeffs': True, 'bits': 1032}
[INFO    ] USER INPUT PARAMETERS for Separate Drizzle Step:
[INFO    ] 	bits :	1032
[INFO    ] 	build :	False
[INFO    ] 	clean :	False
[INFO    ] 	coeffs :	True
[INFO    ] 	compress :	False
[INFO    ] 	crbit :	None
[INFO    ] 	fillval :	99999
[INFO    ] 	kernel :	turbo
[INFO    ] 	num_cores :	None
[INFO    ] 	pixfrac :	1.0
[INFO    ] 	proc_unit :	electrons
[INFO    ] 	stepsize :	10
[INFO    ] 	units :	cps
[INFO    ] 	wcskey :	
[INFO    ] 	wht_type :	None
[INFO    ] 	wt_scl :	exptime
[INFO    ]   **Using sub-sampling value of 10 for kernel turbo
[INFO    ] Running Drizzle to create output frame with WCS of: 
[INFO    ] WCS Keywords
[INFO    ] 
[INFO    ] Number of WCS axes: 2
[INFO    ] CTYPE : 'RA---TAN'  'DEC--TAN'  
[INFO    ] CRVAL : 265.1475905879907  -53.666361708665825  
[INFO    ] CRPIX : 1666.0  1644.0  
[INFO    ] CD1_1 CD1_2  : -8.986323155497624e-06  -8.893021201101392e-06  
[INFO    ] CD2_1 CD2_2  : -8.893021201101392e-06  8.986323155497624e-06  
[INFO    ] NAXIS : 3332  3288
[INFO    ] Executing 2 parallel workers
[INFO    ] -Drizzle input: /home/mmarcano/Documents/NGC6397F336W/Try/data/u9710103m_c0m.fits[sci,1]
[INFO    ] -Drizzle input: /home/mmarcano/Documents/NGC6397F336W/Try/data/u9710203m_c0m.fits[sci,1]
[INFO    ] Applying sky value of 0.218921 to /home/mmarcano/Documents/NGC6397F336W/Try/data/u9710103m_c0m.fits[sci,1]
[INFO    ] Applying sky value of 0.203245 to /home/mmarcano/Documents/NGC6397F336W/Try/data/u9710203m_c0m.fits[sci,1]
[INFO    ] Writing out mask file: /home/mmarcano/Documents/NGC6397F336W/Try/data/u9710103m_c0m_sci1_single_mask.fits
[INFO    ] Using WCSLIB-based coordinate transformation...
[INFO    ] stepsize = 10
[INFO    ] Writing out mask file: /home/mmarcano/Documents/NGC6397F336W/Try/data/u9710203m_c0m_sci1_single_mask.fits
[INFO    ] Using WCSLIB-based coordinate transformation...
[INFO    ] stepsize = 10
[INFO    ] -Drizzling using kernel = turbo

[INFO    ] -Drizzling using kernel = turbo

[INFO    ] -Drizzle input: /home/mmarcano/Documents/NGC6397F336W/Try/data/u9710103m_c0m.fits[sci,2]
[INFO    ] -Drizzle input: /home/mmarcano/Documents/NGC6397F336W/Try/data/u9710203m_c0m.fits[sci,2]
[INFO    ] Applying sky value of 0.972326 to /home/mmarcano/Documents/NGC6397F336W/Try/data/u9710203m_c0m.fits[sci,2]
[INFO    ] Applying sky value of 1.047322 to /home/mmarcano/Documents/NGC6397F336W/Try/data/u9710103m_c0m.fits[sci,2]
[INFO    ] Writing out mask file: /home/mmarcano/Documents/NGC6397F336W/Try/data/u9710203m_c0m_sci2_single_mask.fits
[INFO    ] Using WCSLIB-based coordinate transformation...
[INFO    ] stepsize = 10
[INFO    ] -Drizzling using kernel = turbo

[INFO    ] Writing out mask file: /home/mmarcano/Documents/NGC6397F336W/Try/data/u9710103m_c0m_sci2_single_mask.fits
[INFO    ] Using WCSLIB-based coordinate transformation...
[INFO    ] stepsize = 10
[INFO    ] -Drizzling using kernel = turbo

[INFO    ] -Drizzle input: /home/mmarcano/Documents/NGC6397F336W/Try/data/u9710203m_c0m.fits[sci,3]
[INFO    ] -Drizzle input: /home/mmarcano/Documents/NGC6397F336W/Try/data/u9710103m_c0m.fits[sci,3]
[INFO    ] Applying sky value of 0.971955 to /home/mmarcano/Documents/NGC6397F336W/Try/data/u9710203m_c0m.fits[sci,3]
[INFO    ] Applying sky value of 1.046922 to /home/mmarcano/Documents/NGC6397F336W/Try/data/u9710103m_c0m.fits[sci,3]
[INFO    ] Writing out mask file: /home/mmarcano/Documents/NGC6397F336W/Try/data/u9710203m_c0m_sci3_single_mask.fits
[INFO    ] Using WCSLIB-based coordinate transformation...
[INFO    ] stepsize = 10
[INFO    ] -Drizzling using kernel = turbo

[INFO    ] Writing out mask file: /home/mmarcano/Documents/NGC6397F336W/Try/data/u9710103m_c0m_sci3_single_mask.fits
[INFO    ] Using WCSLIB-based coordinate transformation...
[INFO    ] stepsize = 10
[INFO    ] -Drizzling using kernel = turbo

[INFO    ] -Drizzle input: /home/mmarcano/Documents/NGC6397F336W/Try/data/u9710203m_c0m.fits[sci,4]
[INFO    ] -Drizzle input: /home/mmarcano/Documents/NGC6397F336W/Try/data/u9710103m_c0m.fits[sci,4]
[INFO    ] Applying sky value of 0.972873 to /home/mmarcano/Documents/NGC6397F336W/Try/data/u9710203m_c0m.fits[sci,4]
[INFO    ] Applying sky value of 1.047911 to /home/mmarcano/Documents/NGC6397F336W/Try/data/u9710103m_c0m.fits[sci,4]
[INFO    ] Writing out mask file: /home/mmarcano/Documents/NGC6397F336W/Try/data/u9710203m_c0m_sci4_single_mask.fits
[INFO    ] Using WCSLIB-based coordinate transformation...
[INFO    ] stepsize = 10
[INFO    ] -Drizzling using kernel = turbo

[INFO    ] Writing out mask file: /home/mmarcano/Documents/NGC6397F336W/Try/data/u9710103m_c0m_sci4_single_mask.fits
[INFO    ] Using WCSLIB-based coordinate transformation...
[INFO    ] stepsize = 10
[INFO    ] -Drizzling using kernel = turbo

[WARNING ] ! 188 points were outside the output image.
[INFO    ] -Generating simple FITS output: /home/mmarcano/Documents/NGC6397F336W/Try/data/u9710203m_c0m_single_sci.fits
[INFO    ] Writing out image to disk: /home/mmarcano/Documents/NGC6397F336W/Try/data/u9710203m_c0m_single_sci.fits
[INFO    ] -Generating simple FITS output: /home/mmarcano/Documents/NGC6397F336W/Try/data/u9710103m_c0m_single_sci.fits
[INFO    ] Writing out image to disk: /home/mmarcano/Documents/NGC6397F336W/Try/data/u9710203m_c0m_single_wht.fits
[INFO    ] Writing out image to disk: /home/mmarcano/Documents/NGC6397F336W/Try/data/u9710103m_c0m_single_sci.fits
[INFO    ] Deleted all instances of WCS with key A in extensions [0]
[INFO    ] Deleted all instances of WCS with key B in extensions [0]
[INFO    ] Writing out image to disk: /home/mmarcano/Documents/NGC6397F336W/Try/data/u9710103m_c0m_single_wht.fits
[INFO    ] ==== Processing Step  Separate Drizzle  finished at  18:25:29.911 (02/05/2019)
[INFO    ] 
[INFO    ] ==== Processing Step  Create Median  started at  18:25:29.915 (02/05/2019)
[INFO    ] USER INPUT PARAMETERS for Create Median Step:
[INFO    ] 	combine_bufsize :	None
[INFO    ] 	combine_grow :	1
[INFO    ] 	combine_hthresh :	None
[INFO    ] 	combine_lthresh :	None
[INFO    ] 	combine_maskpt :	0.3
[INFO    ] 	combine_nhigh :	0
[INFO    ] 	combine_nlow :	0
[INFO    ] 	combine_nsigma :	4 3
[INFO    ] 	combine_type :	median
[INFO    ] 	compress :	False
[INFO    ] 	median :	True
[INFO    ] 	median_newmasks :	True
[INFO    ] 	proc_unit :	native
[INFO    ] reference sky value for image '/home/mmarcano/Documents/NGC6397F336W/Try/data/u9710103m_c0m.fits' is 7.44016831768
[INFO    ] reference sky value for image '/home/mmarcano/Documents/NGC6397F336W/Try/data/u9710203m_c0m.fits' is 6.90740183989
[INFO    ] Saving output median image to: 'final_med.fits'
[INFO    ] ==== Processing Step  Create Median  finished at  18:25:31.249 (02/05/2019)
[INFO    ] 
[INFO    ] ==== Processing Step  Blot  started at  18:25:31.252 (02/05/2019)
[INFO    ] USER INPUT PARAMETERS for Blot Step:
[INFO    ] 	blot_addsky :	True
[INFO    ] 	blot_interp :	poly5
[INFO    ] 	blot_sinscl :	1.0
[INFO    ] 	blot_skyval :	0.0
[INFO    ] 	coeffs :	True
[INFO    ]     Blot: creating blotted image:  /home/mmarcano/Documents/NGC6397F336W/Try/data/u9710103m_c0m.fits[sci,1]
[INFO    ] Using default C-based coordinate transformation...
[INFO    ] Applying sky value of 0.218921 to blotted image /home/mmarcano/Documents/NGC6397F336W/Try/data/u9710103m_c0m.fits[sci,1]
[INFO    ] -Generating simple FITS output: /home/mmarcano/Documents/NGC6397F336W/Try/data/u9710103m_c0m_sci1_blt.fits
[INFO    ] Writing out image to disk: /home/mmarcano/Documents/NGC6397F336W/Try/data/u9710103m_c0m_sci1_blt.fits
[INFO    ]     Blot: creating blotted image:  /home/mmarcano/Documents/NGC6397F336W/Try/data/u9710103m_c0m.fits[sci,2]
[INFO    ] Using default C-based coordinate transformation...
[INFO    ] Applying sky value of 1.047322 to blotted image /home/mmarcano/Documents/NGC6397F336W/Try/data/u9710103m_c0m.fits[sci,2]
[INFO    ] -Generating simple FITS output: /home/mmarcano/Documents/NGC6397F336W/Try/data/u9710103m_c0m_sci2_blt.fits
[INFO    ] Writing out image to disk: /home/mmarcano/Documents/NGC6397F336W/Try/data/u9710103m_c0m_sci2_blt.fits
[INFO    ]     Blot: creating blotted image:  /home/mmarcano/Documents/NGC6397F336W/Try/data/u9710103m_c0m.fits[sci,3]
[INFO    ] Using default C-based coordinate transformation...
[INFO    ] Applying sky value of 1.046922 to blotted image /home/mmarcano/Documents/NGC6397F336W/Try/data/u9710103m_c0m.fits[sci,3]
[INFO    ] -Generating simple FITS output: /home/mmarcano/Documents/NGC6397F336W/Try/data/u9710103m_c0m_sci3_blt.fits
[INFO    ] Writing out image to disk: /home/mmarcano/Documents/NGC6397F336W/Try/data/u9710103m_c0m_sci3_blt.fits
[INFO    ]     Blot: creating blotted image:  /home/mmarcano/Documents/NGC6397F336W/Try/data/u9710103m_c0m.fits[sci,4]
[INFO    ] Using default C-based coordinate transformation...
[INFO    ] Applying sky value of 1.047911 to blotted image /home/mmarcano/Documents/NGC6397F336W/Try/data/u9710103m_c0m.fits[sci,4]
[INFO    ] -Generating simple FITS output: /home/mmarcano/Documents/NGC6397F336W/Try/data/u9710103m_c0m_sci4_blt.fits
[INFO    ] Writing out image to disk: /home/mmarcano/Documents/NGC6397F336W/Try/data/u9710103m_c0m_sci4_blt.fits
[INFO    ]     Blot: creating blotted image:  /home/mmarcano/Documents/NGC6397F336W/Try/data/u9710203m_c0m.fits[sci,1]
[INFO    ] Using default C-based coordinate transformation...
[INFO    ] Applying sky value of 0.203245 to blotted image /home/mmarcano/Documents/NGC6397F336W/Try/data/u9710203m_c0m.fits[sci,1]
[INFO    ] -Generating simple FITS output: /home/mmarcano/Documents/NGC6397F336W/Try/data/u9710203m_c0m_sci1_blt.fits
[INFO    ] Writing out image to disk: /home/mmarcano/Documents/NGC6397F336W/Try/data/u9710203m_c0m_sci1_blt.fits
[INFO    ]     Blot: creating blotted image:  /home/mmarcano/Documents/NGC6397F336W/Try/data/u9710203m_c0m.fits[sci,2]
[INFO    ] Using default C-based coordinate transformation...
[INFO    ] Applying sky value of 0.972326 to blotted image /home/mmarcano/Documents/NGC6397F336W/Try/data/u9710203m_c0m.fits[sci,2]
[INFO    ] -Generating simple FITS output: /home/mmarcano/Documents/NGC6397F336W/Try/data/u9710203m_c0m_sci2_blt.fits
[INFO    ] Writing out image to disk: /home/mmarcano/Documents/NGC6397F336W/Try/data/u9710203m_c0m_sci2_blt.fits
[INFO    ]     Blot: creating blotted image:  /home/mmarcano/Documents/NGC6397F336W/Try/data/u9710203m_c0m.fits[sci,3]
[INFO    ] Using default C-based coordinate transformation...
[INFO    ] Applying sky value of 0.971955 to blotted image /home/mmarcano/Documents/NGC6397F336W/Try/data/u9710203m_c0m.fits[sci,3]
[INFO    ] -Generating simple FITS output: /home/mmarcano/Documents/NGC6397F336W/Try/data/u9710203m_c0m_sci3_blt.fits
[INFO    ] Writing out image to disk: /home/mmarcano/Documents/NGC6397F336W/Try/data/u9710203m_c0m_sci3_blt.fits
[INFO    ]     Blot: creating blotted image:  /home/mmarcano/Documents/NGC6397F336W/Try/data/u9710203m_c0m.fits[sci,4]
[INFO    ] Using default C-based coordinate transformation...
[INFO    ] Applying sky value of 0.972873 to blotted image /home/mmarcano/Documents/NGC6397F336W/Try/data/u9710203m_c0m.fits[sci,4]
[INFO    ] -Generating simple FITS output: /home/mmarcano/Documents/NGC6397F336W/Try/data/u9710203m_c0m_sci4_blt.fits
[INFO    ] Writing out image to disk: /home/mmarcano/Documents/NGC6397F336W/Try/data/u9710203m_c0m_sci4_blt.fits
[INFO    ] ==== Processing Step  Blot  finished at  18:25:34.659 (02/05/2019)
[INFO    ] 
[INFO    ] ==== Processing Step  Driz_CR  started at  18:25:34.661 (02/05/2019)
[INFO    ] USER INPUT PARAMETERS for Driz_CR Step:
[INFO    ] 	crbit :	4096
[INFO    ] 	driz_cr :	True
[INFO    ] 	driz_cr_corr :	True
[INFO    ] 	driz_cr_ctegrow :	0
[INFO    ] 	driz_cr_grow :	1
[INFO    ] 	driz_cr_scale :	2.0 1.5
[INFO    ] 	driz_cr_snr :	5.5 3.5
[INFO    ] 	inmemory :	False
[INFO    ] Executing 2 parallel workers
[INFO    ] Creating output :  /home/mmarcano/Documents/NGC6397F336W/Try/data/u9710103m_c0m_sci1_crmask.fits
[INFO    ] Creating output :  /home/mmarcano/Documents/NGC6397F336W/Try/data/u9710203m_c0m_sci1_crmask.fits
[INFO    ] Creating output :  /home/mmarcano/Documents/NGC6397F336W/Try/data/u9710103m_c0m_sci2_crmask.fits
[INFO    ] Creating output :  /home/mmarcano/Documents/NGC6397F336W/Try/data/u9710203m_c0m_sci2_crmask.fits
[INFO    ] Creating output :  /home/mmarcano/Documents/NGC6397F336W/Try/data/u9710203m_c0m_sci3_crmask.fits
[INFO    ] Creating output :  /home/mmarcano/Documents/NGC6397F336W/Try/data/u9710103m_c0m_sci3_crmask.fits
[INFO    ] Creating output :  /home/mmarcano/Documents/NGC6397F336W/Try/data/u9710203m_c0m_sci4_crmask.fits
[INFO    ] Creating output :  /home/mmarcano/Documents/NGC6397F336W/Try/data/u9710103m_c0m_sci4_crmask.fits
[INFO    ] Created CR corrected file:  /home/mmarcano/Documents/NGC6397F336W/Try/data/u9710203m_c0m_crclean.fits
[INFO    ] Created CR corrected file:  /home/mmarcano/Documents/NGC6397F336W/Try/data/u9710103m_c0m_crclean.fits
[INFO    ] ==== Processing Step  Driz_CR  finished at  18:25:35.723 (02/05/2019)
[INFO    ] 
[INFO    ] ==== Processing Step  Final Drizzle  started at  18:25:35.744 (02/05/2019)
[INFO    ] Interpreted paramDict with single=False as:
{'pixfrac': 1.0, 'kernel': 'square', 'units': 'cps', 'wcskey': '', 'maskval': None, 'wt_scl': 'exptime', 'stepsize': 10, 'build': False, 'fillval': 99999, 'coeffs': True, 'bits': 1032, 'wht_type': 'EXP'}
[INFO    ] USER INPUT PARAMETERS for Final Drizzle Step:
[INFO    ] 	bits :	1032
[INFO    ] 	build :	False
[INFO    ] 	clean :	False
[INFO    ] 	coeffs :	True
[INFO    ] 	crbit :	4096
[INFO    ] 	fillval :	99999
[INFO    ] 	kernel :	square
[INFO    ] 	maskval :	None
[INFO    ] 	pixfrac :	1.0
[INFO    ] 	proc_unit :	native
[INFO    ] 	stepsize :	10
[INFO    ] 	units :	cps
[INFO    ] 	wcskey :	
[INFO    ] 	wht_type :	EXP
[INFO    ] 	wt_scl :	exptime
[INFO    ]   **Using sub-sampling value of 10 for kernel square
[INFO    ] Running Drizzle to create output frame with WCS of: 
[INFO    ] WCS Keywords
[INFO    ] 
[INFO    ] Number of WCS axes: 2
[INFO    ] CTYPE : 'RA---TAN'  'DEC--TAN'  
[INFO    ] CRVAL : 265.1475905879907  -53.666361708665825  
[INFO    ] CRPIX : 1666.0  1644.0  
[INFO    ] CD1_1 CD1_2  : -8.986323155497624e-06  -8.893021201101392e-06  
[INFO    ] CD2_1 CD2_2  : -8.893021201101392e-06  8.986323155497624e-06  
[INFO    ] NAXIS : 3332  3288
[INFO    ] -Drizzle input: /home/mmarcano/Documents/NGC6397F336W/Try/data/u9710103m_c0m.fits[sci,1]
[INFO    ] Applying sky value of 0.218921 to /home/mmarcano/Documents/NGC6397F336W/Try/data/u9710103m_c0m.fits[sci,1]
[INFO    ] Applying EXPTIME weighting to DQ mask for chip 1
[INFO    ] Writing out mask file: /home/mmarcano/Documents/NGC6397F336W/Try/data/u9710103m_c0m_sci1_final_mask.fits
[INFO    ] Using WCSLIB-based coordinate transformation...
[INFO    ] stepsize = 10
[INFO    ] -Drizzling using kernel = square

[INFO    ] -Drizzle input: /home/mmarcano/Documents/NGC6397F336W/Try/data/u9710103m_c0m.fits[sci,2]
[INFO    ] Applying sky value of 1.047322 to /home/mmarcano/Documents/NGC6397F336W/Try/data/u9710103m_c0m.fits[sci,2]
[INFO    ] Applying EXPTIME weighting to DQ mask for chip 2
[INFO    ] Writing out mask file: /home/mmarcano/Documents/NGC6397F336W/Try/data/u9710103m_c0m_sci2_final_mask.fits
[INFO    ] Using WCSLIB-based coordinate transformation...
[INFO    ] stepsize = 10
[INFO    ] -Drizzling using kernel = square

[INFO    ] -Drizzle input: /home/mmarcano/Documents/NGC6397F336W/Try/data/u9710103m_c0m.fits[sci,3]
[INFO    ] Applying sky value of 1.046922 to /home/mmarcano/Documents/NGC6397F336W/Try/data/u9710103m_c0m.fits[sci,3]
[INFO    ] Applying EXPTIME weighting to DQ mask for chip 3
[INFO    ] Writing out mask file: /home/mmarcano/Documents/NGC6397F336W/Try/data/u9710103m_c0m_sci3_final_mask.fits
[INFO    ] Using WCSLIB-based coordinate transformation...
[INFO    ] stepsize = 10
[INFO    ] -Drizzling using kernel = square

[INFO    ] -Drizzle input: /home/mmarcano/Documents/NGC6397F336W/Try/data/u9710103m_c0m.fits[sci,4]
[INFO    ] Applying sky value of 1.047911 to /home/mmarcano/Documents/NGC6397F336W/Try/data/u9710103m_c0m.fits[sci,4]
[INFO    ] Applying EXPTIME weighting to DQ mask for chip 4
[INFO    ] Writing out mask file: /home/mmarcano/Documents/NGC6397F336W/Try/data/u9710103m_c0m_sci4_final_mask.fits
[INFO    ] Using WCSLIB-based coordinate transformation...
[INFO    ] stepsize = 10
[INFO    ] -Drizzling using kernel = square

[INFO    ] -Drizzle input: /home/mmarcano/Documents/NGC6397F336W/Try/data/u9710203m_c0m.fits[sci,1]
[INFO    ] Applying sky value of 0.203245 to /home/mmarcano/Documents/NGC6397F336W/Try/data/u9710203m_c0m.fits[sci,1]
[INFO    ] Applying EXPTIME weighting to DQ mask for chip 1
[INFO    ] Writing out mask file: /home/mmarcano/Documents/NGC6397F336W/Try/data/u9710203m_c0m_sci1_final_mask.fits
[INFO    ] Using WCSLIB-based coordinate transformation...
[INFO    ] stepsize = 10
[INFO    ] -Drizzling using kernel = square

[INFO    ] -Drizzle input: /home/mmarcano/Documents/NGC6397F336W/Try/data/u9710203m_c0m.fits[sci,2]
[INFO    ] Applying sky value of 0.972326 to /home/mmarcano/Documents/NGC6397F336W/Try/data/u9710203m_c0m.fits[sci,2]
[INFO    ] Applying EXPTIME weighting to DQ mask for chip 2
[INFO    ] Writing out mask file: /home/mmarcano/Documents/NGC6397F336W/Try/data/u9710203m_c0m_sci2_final_mask.fits
[INFO    ] Using WCSLIB-based coordinate transformation...
[INFO    ] stepsize = 10
[INFO    ] -Drizzling using kernel = square

[INFO    ] -Drizzle input: /home/mmarcano/Documents/NGC6397F336W/Try/data/u9710203m_c0m.fits[sci,3]
[INFO    ] Applying sky value of 0.971955 to /home/mmarcano/Documents/NGC6397F336W/Try/data/u9710203m_c0m.fits[sci,3]
[INFO    ] Applying EXPTIME weighting to DQ mask for chip 3
[INFO    ] Writing out mask file: /home/mmarcano/Documents/NGC6397F336W/Try/data/u9710203m_c0m_sci3_final_mask.fits
[INFO    ] Using WCSLIB-based coordinate transformation...
[INFO    ] stepsize = 10
[INFO    ] -Drizzling using kernel = square

[INFO    ] -Drizzle input: /home/mmarcano/Documents/NGC6397F336W/Try/data/u9710203m_c0m.fits[sci,4]
[INFO    ] Applying sky value of 0.972873 to /home/mmarcano/Documents/NGC6397F336W/Try/data/u9710203m_c0m.fits[sci,4]
[INFO    ] Applying EXPTIME weighting to DQ mask for chip 4
[INFO    ] Writing out mask file: /home/mmarcano/Documents/NGC6397F336W/Try/data/u9710203m_c0m_sci4_final_mask.fits
[INFO    ] Using WCSLIB-based coordinate transformation...
[INFO    ] stepsize = 10
[INFO    ] -Drizzling using kernel = square

[WARNING ] ! 193 points were outside the output image.
[INFO    ] -Generating simple FITS output: final_drz_sci.fits
[INFO    ] Writing out image to disk: final_drz_sci.fits
[INFO    ] Deleted all instances of WCS with key A in extensions [0]
[INFO    ] Deleted all instances of WCS with key B in extensions [0]
[INFO    ] Writing out image to disk: final_drz_wht.fits
[INFO    ] Deleted all instances of WCS with key A in extensions [0]
[INFO    ] Deleted all instances of WCS with key B in extensions [0]
[INFO    ] Writing out image to disk: final_drz_ctx.fits
[INFO    ] ==== Processing Step  Final Drizzle  finished at  18:25:41.365 (02/05/2019)
[INFO    ] 
[INFO    ] 
[INFO    ] AstroDrizzle Version 2.2.6 is finished processing at 18:25:41.369 (02/05/2019).
[INFO    ] 
[INFO    ] 
[INFO    ]    --------------------          --------------------
[INFO    ]                    Step          Elapsed time
[INFO    ]    --------------------          --------------------
[INFO    ] 
[INFO    ]          Initialization          2.6367 sec.
[INFO    ]             Static Mask          0.1499 sec.
[INFO    ]            Subtract Sky          1.0152 sec.
[INFO    ]        Separate Drizzle          1.8266 sec.
[INFO    ]           Create Median          1.3341 sec.
[INFO    ]                    Blot          3.4066 sec.
[INFO    ]                 Driz_CR          1.0616 sec.
[INFO    ]           Final Drizzle          5.6212 sec.
[INFO    ]    ====================          ====================
[INFO    ]                   Total          17.0520 sec.
[INFO    ] Trailer file written to:  astrodrizzle.log
[INFO    ] Setting up logfile :  astrodrizzle.log
[INFO    ] AstroDrizzle Version 2.2.6 (2018-11-02 15:37:13 -0400) started at: 14:11:17.066 (03/05/2019)
[INFO    ] 
[INFO    ] Version Information
[INFO    ] --------------------
[INFO    ] Python Version [GCC 7.3.0]
[INFO    ] 2.7.15 |Anaconda, Inc.| (default, Dec 14 2018, 19:04:19) 
[INFO    ] numpy Version -> 1.16.3 
[INFO    ] astropy Version -> 2.0.9 
[INFO    ] stwcs Version -> 1.3.2 
[INFO    ] ==== Processing Step  Initialization  started at  14:11:17.071 (03/05/2019)
[INFO    ] Updating input WCS using "updatewcs"
[INFO    ] Executing serially
[INFO    ] - IDCTAB: Distortion model from row 354 for chip 3 : F336W
[INFO    ] - OFFTAB: Offset interpolated from rows 27 and 31
[INFO    ] - IDCTAB: Distortion model from row 22 for chip 1 : F336W
[INFO    ] - OFFTAB: Offset interpolated from rows 25 and 29
[INFO    ] - IDCTAB: Distortion model from row 188 for chip 2 : F336W
[INFO    ] - OFFTAB: Offset interpolated from rows 26 and 30
[INFO    ] - IDCTAB: Distortion model from row 354 for chip 3 : F336W
[INFO    ] - OFFTAB: Offset interpolated from rows 27 and 31
[INFO    ] - IDCTAB: Distortion model from row 520 for chip 4 : F336W
[INFO    ] - OFFTAB: Offset interpolated from rows 28 and 32
[INFO    ] - IDCTAB: Distortion model from row 354 for chip 3 : F336W
[INFO    ] - OFFTAB: Offset interpolated from rows 27 and 31
[INFO    ] - IDCTAB: Distortion model from row 22 for chip 1 : F336W
[INFO    ] - OFFTAB: Offset interpolated from rows 25 and 29
[INFO    ] - IDCTAB: Distortion model from row 188 for chip 2 : F336W
[INFO    ] - OFFTAB: Offset interpolated from rows 26 and 30
[INFO    ] - IDCTAB: Distortion model from row 354 for chip 3 : F336W
[INFO    ] - OFFTAB: Offset interpolated from rows 27 and 31
[INFO    ] - IDCTAB: Distortion model from row 520 for chip 4 : F336W
[INFO    ] - OFFTAB: Offset interpolated from rows 28 and 32
[INFO    ] No valid input, quitting ...
[INFO    ] 
[INFO    ] Setting up output name: final_drz.fits
[INFO    ] -Creating imageObject List as input for processing steps.
[INFO    ] Reading in MDRIZSKY of 0.218921100984
[INFO    ] Reading in MDRIZSKY of 1.04732179642
[INFO    ] Reading in MDRIZSKY of 1.04692205327
[INFO    ] Reading in MDRIZSKY of 1.04791103066
[INFO    ] Reading in MDRIZSKY of 0.203244866401
[INFO    ] Reading in MDRIZSKY of 0.9723264575
[INFO    ] Reading in MDRIZSKY of 0.971955338672
[INFO    ] Reading in MDRIZSKY of 0.972873498576
[INFO    ] -Creating output WCS.
[INFO    ] WCS Keywords
[INFO    ] 
[INFO    ] Number of WCS axes: 2
[INFO    ] CTYPE : 'RA---TAN'  'DEC--TAN'  
[INFO    ] CRVAL : 265.1475905879907  -53.666361708665825  
[INFO    ] CRPIX : 1666.0  1644.0  
[INFO    ] CD1_1 CD1_2  : -8.986323155497624e-06  -8.893021201101392e-06  
[INFO    ] CD2_1 CD2_2  : -8.893021201101392e-06  8.986323155497624e-06  
[INFO    ] NAXIS : 3332  3288
[INFO    ] ********************************************************************************
[INFO    ] *
[INFO    ] *  Estimated memory usage:  up to 1042 Mb.
[INFO    ] *  Output image size:       3332 X 3288 pixels. 
[INFO    ] *  Output image file:       ~ 125 Mb. 
[INFO    ] *  Cores available:         8
[INFO    ] *
[INFO    ] ********************************************************************************
[INFO    ] ==== Processing Step  Initialization  finished at  14:11:20.20 (03/05/2019)
[INFO    ] 
[INFO    ] USER INPUT PARAMETERS common to all Processing Steps:
[INFO    ] 	build :	False
[INFO    ] 	coeffs :	True
[INFO    ] 	context :	True
[INFO    ] 	crbit :	4096
[INFO    ] 	group :	
[INFO    ] 	in_memory :	False
[INFO    ] 	input :	data/u9710203m_c0m.fits,data/u9710103m_c0m.fits
[INFO    ] 	mdriztab :	False
[INFO    ] 	num_cores :	None
[INFO    ] 	output :	
[INFO    ] 	proc_unit :	native
[INFO    ] 	resetbits :	4096
[INFO    ] 	runfile :	astrodrizzle.log
[INFO    ] 	stepsize :	10
[INFO    ] 	updatewcs :	True
[INFO    ] 	wcskey :	
[INFO    ] ==== Processing Step  Static Mask  started at  14:11:20.205 (03/05/2019)
[INFO    ] USER INPUT PARAMETERS for Static Mask Step:
[INFO    ] 	static :	True
[INFO    ] 	static_sig :	4.0
[INFO    ] Computing static mask:

[INFO    ]   mode =  0.416945;   rms = 3.003294;   static_sig = 4.00
[INFO    ]   mode =  0.681480;   rms = 6.008469;   static_sig = 4.00
[INFO    ]   mode =  2.346530;   rms = 14.153119;   static_sig = 4.00
[INFO    ]   mode =  1.299424;   rms = 12.199553;   static_sig = 4.00
[INFO    ] Computing static mask:

[INFO    ]   mode =  0.515279;   rms = 2.391581;   static_sig = 4.00
[INFO    ]   mode =  0.836107;   rms = 4.955469;   static_sig = 4.00
[INFO    ]   mode =  1.742042;   rms = 11.395225;   static_sig = 4.00
[INFO    ]   mode =  1.714989;   rms = 7.525385;   static_sig = 4.00
[INFO    ] Saving static mask to disk: ./WFPC2PC_800x800_1_staticMask.fits
[INFO    ] Saving static mask to disk: ./WFPC2WF4_800x800_4_staticMask.fits
[INFO    ] Saving static mask to disk: ./WFPC2WF3_800x800_3_staticMask.fits
[INFO    ] Saving static mask to disk: ./WFPC2WF2_800x800_2_staticMask.fits
[INFO    ] ==== Processing Step  Static Mask  finished at  14:11:20.386 (03/05/2019)
[INFO    ] 
[INFO    ] ==== Processing Step  Subtract Sky  started at  14:11:20.38 (03/05/2019)
[INFO    ] USER INPUT PARAMETERS for Sky Subtraction Step:
[INFO    ] 	sky_bits :	0
[INFO    ] 	skyclip :	5
[INFO    ] 	skyfile :	
[INFO    ] 	skylower :	None
[INFO    ] 	skylsigma :	4.0
[INFO    ] 	skymask_cat :	
[INFO    ] 	skymethod :	localmin
[INFO    ] 	skystat :	median
[INFO    ] 	skysub :	True
[INFO    ] 	skyupper :	None
[INFO    ] 	skyuser :	
[INFO    ] 	skyusigma :	4.0
[INFO    ] 	skywidth :	0.1
[INFO    ] 	use_static :	True
[INFO    ] ***** skymatch started on 2019-05-03 14:11:20.668058
[INFO    ]       Version 0.9.15 (2018-07-03 21:07:36 -0400)
[INFO    ] 
[INFO    ] 'skymatch' task will apply computed sky differences to input image file(s).
[INFO    ] 
[INFO    ] NOTE: Computed sky values WILL NOT be subtracted from image data ('subtractsky'=False).
[INFO    ] 'MDRIZSKY' header keyword will represent sky value *computed* from data.
[INFO    ] 
[INFO    ] -----  User specified keywords:  -----
[INFO    ]        Sky Value Keyword:  'MDRIZSKY'
[INFO    ]        Data Units Keyword: 'BUNIT'
[INFO    ] 
[INFO    ] 
[INFO    ] -----  Input file list:  -----
[INFO    ] 
[INFO    ]    **  Input image: 'u9710103m_c0m.fits'
[INFO    ]        EXT: 'SCI',1;	MASK: u9710103m_skymatch_mask_sci1.fits[0]
[INFO    ]        EXT: 'SCI',2;	MASK: u9710103m_skymatch_mask_sci2.fits[0]
[INFO    ]        EXT: 'SCI',3;	MASK: u9710103m_skymatch_mask_sci3.fits[0]
[INFO    ]        EXT: 'SCI',4;	MASK: u9710103m_skymatch_mask_sci4.fits[0]
[INFO    ] 
[INFO    ]    **  Input image: 'u9710203m_c0m.fits'
[INFO    ]        EXT: 'SCI',1;	MASK: u9710203m_skymatch_mask_sci1.fits[0]
[INFO    ]        EXT: 'SCI',2;	MASK: u9710203m_skymatch_mask_sci2.fits[0]
[INFO    ]        EXT: 'SCI',3;	MASK: u9710203m_skymatch_mask_sci3.fits[0]
[INFO    ]        EXT: 'SCI',4;	MASK: u9710203m_skymatch_mask_sci4.fits[0]
[INFO    ] 
[INFO    ] -----  Sky statistics parameters:  -----
[INFO    ]        statistics function: 'median'
[INFO    ]        lower = None
[INFO    ]        upper = None
[INFO    ]        nclip = 5
[INFO    ]        lsigma = 4.0
[INFO    ]        usigma = 4.0
[INFO    ]        binwidth = 0.1
[INFO    ] 
[INFO    ] -----  Data->Brightness conversion parameters for input files:  -----
[INFO    ] 
[INFO    ]    *   Image: u9710103m_c0m.fits
[INFO    ]        EXT = 'SCI',1
[INFO    ]              Data units type: COUNTS
[INFO    ]              EXPTIME: 700.0 [s]
[INFO    ]              Conversion factor (data->brightness):  0.689623336927
[INFO    ]        EXT = 'SCI',2
[INFO    ]              Data units type: COUNTS
[INFO    ]              EXPTIME: 700.0 [s]
[INFO    ]              Conversion factor (data->brightness):  0.14415158808
[INFO    ]        EXT = 'SCI',3
[INFO    ]              Data units type: COUNTS
[INFO    ]              EXPTIME: 700.0 [s]
[INFO    ]              Conversion factor (data->brightness):  0.144206629054
[INFO    ]        EXT = 'SCI',4
[INFO    ]              Data units type: COUNTS
[INFO    ]              EXPTIME: 700.0 [s]
[INFO    ]              Conversion factor (data->brightness):  0.144070532486
[INFO    ] 
[INFO    ]    *   Image: u9710203m_c0m.fits
[INFO    ]        EXT = 'SCI',1
[INFO    ]              Data units type: COUNTS
[INFO    ]              EXPTIME: 600.0 [s]
[INFO    ]              Conversion factor (data->brightness):  0.804560559749
[INFO    ]        EXT = 'SCI',2
[INFO    ]              Data units type: COUNTS
[INFO    ]              EXPTIME: 600.0 [s]
[INFO    ]              Conversion factor (data->brightness):  0.16817685276
[INFO    ]        EXT = 'SCI',3
[INFO    ]              Data units type: COUNTS
[INFO    ]              EXPTIME: 600.0 [s]
[INFO    ]              Conversion factor (data->brightness):  0.16824106723
[INFO    ]        EXT = 'SCI',4
[INFO    ]              Data units type: COUNTS
[INFO    ]              EXPTIME: 600.0 [s]
[INFO    ]              Conversion factor (data->brightness):  0.1680822879
[INFO    ] 
[INFO    ] 
[INFO    ] -----  Computing sky values requested image extensions (detector chips):  -----
[INFO    ] 
[INFO    ]    *   Image:   'u9710103m_c0m.fits['SCI',1,2,3,4]'  --  SKY = 0.150973100185 (brightness units)
[INFO    ]        Sky change (data units):
[INFO    ]       - EXT = 'SCI',1   delta(MDRIZSKY) = 0.218921   NEW MDRIZSKY = 0.218921
[INFO    ]       - EXT = 'SCI',2   delta(MDRIZSKY) = 1.04732   NEW MDRIZSKY = 1.04732
[INFO    ]       - EXT = 'SCI',3   delta(MDRIZSKY) = 1.04692   NEW MDRIZSKY = 1.04692
[INFO    ]       - EXT = 'SCI',4   delta(MDRIZSKY) = 1.04791   NEW MDRIZSKY = 1.04791
[INFO    ]    *   Image:   'u9710203m_c0m.fits['SCI',1,2,3,4]'  --  SKY = 0.163522803478 (brightness units)
[INFO    ]        Sky change (data units):
[INFO    ]       - EXT = 'SCI',1   delta(MDRIZSKY) = 0.203245   NEW MDRIZSKY = 0.203245
[INFO    ]       - EXT = 'SCI',2   delta(MDRIZSKY) = 0.972326   NEW MDRIZSKY = 0.972326
[INFO    ]       - EXT = 'SCI',3   delta(MDRIZSKY) = 0.971955   NEW MDRIZSKY = 0.971955
[INFO    ]       - EXT = 'SCI',4   delta(MDRIZSKY) = 0.972873   NEW MDRIZSKY = 0.972873
[INFO    ] ***** skymatch ended on 2019-05-03 14:11:21.337611
[INFO    ] TOTAL RUN TIME: 0:00:00.669553
[INFO    ] ==== Processing Step  Subtract Sky  finished at  14:11:21.43 (03/05/2019)
[INFO    ] 
[INFO    ] ==== Processing Step  Separate Drizzle  started at  14:11:21.440 (03/05/2019)
[INFO    ] Interpreted paramDict with single=True as:
{'pixfrac': 1.0, 'wt_scl': 'exptime', 'units': 'cps', 'kernel': 'turbo', 'wcskey': '', 'compress': False, 'stepsize': 10, 'build': False, 'fillval': 99999, 'coeffs': True, 'bits': 1032}
[INFO    ] USER INPUT PARAMETERS for Separate Drizzle Step:
[INFO    ] 	bits :	1032
[INFO    ] 	build :	False
[INFO    ] 	clean :	False
[INFO    ] 	coeffs :	True
[INFO    ] 	compress :	False
[INFO    ] 	crbit :	None
[INFO    ] 	fillval :	99999
[INFO    ] 	kernel :	turbo
[INFO    ] 	num_cores :	None
[INFO    ] 	pixfrac :	1.0
[INFO    ] 	proc_unit :	electrons
[INFO    ] 	stepsize :	10
[INFO    ] 	units :	cps
[INFO    ] 	wcskey :	
[INFO    ] 	wht_type :	None
[INFO    ] 	wt_scl :	exptime
[INFO    ]   **Using sub-sampling value of 10 for kernel turbo
[INFO    ] Running Drizzle to create output frame with WCS of: 
[INFO    ] WCS Keywords
[INFO    ] 
[INFO    ] Number of WCS axes: 2
[INFO    ] CTYPE : 'RA---TAN'  'DEC--TAN'  
[INFO    ] CRVAL : 265.1475905879907  -53.666361708665825  
[INFO    ] CRPIX : 1666.0  1644.0  
[INFO    ] CD1_1 CD1_2  : -8.986323155497624e-06  -8.893021201101392e-06  
[INFO    ] CD2_1 CD2_2  : -8.893021201101392e-06  8.986323155497624e-06  
[INFO    ] NAXIS : 3332  3288
[INFO    ] Executing 2 parallel workers
[INFO    ] -Drizzle input: /home/mmarcano/Documents/NGC6397F336W/Try/data/u9710103m_c0m.fits[sci,1]
[INFO    ] -Drizzle input: /home/mmarcano/Documents/NGC6397F336W/Try/data/u9710203m_c0m.fits[sci,1]
[INFO    ] Applying sky value of 0.218921 to /home/mmarcano/Documents/NGC6397F336W/Try/data/u9710103m_c0m.fits[sci,1]
[INFO    ] Applying sky value of 0.203245 to /home/mmarcano/Documents/NGC6397F336W/Try/data/u9710203m_c0m.fits[sci,1]
[INFO    ] Writing out mask file: /home/mmarcano/Documents/NGC6397F336W/Try/data/u9710103m_c0m_sci1_single_mask.fits
[INFO    ] Using WCSLIB-based coordinate transformation...
[INFO    ] stepsize = 10
[INFO    ] Writing out mask file: /home/mmarcano/Documents/NGC6397F336W/Try/data/u9710203m_c0m_sci1_single_mask.fits
[INFO    ] Using WCSLIB-based coordinate transformation...
[INFO    ] stepsize = 10
[INFO    ] -Drizzling using kernel = turbo

[INFO    ] -Drizzling using kernel = turbo

[INFO    ] -Drizzle input: /home/mmarcano/Documents/NGC6397F336W/Try/data/u9710103m_c0m.fits[sci,2]
[INFO    ] -Drizzle input: /home/mmarcano/Documents/NGC6397F336W/Try/data/u9710203m_c0m.fits[sci,2]
[INFO    ] Applying sky value of 0.972326 to /home/mmarcano/Documents/NGC6397F336W/Try/data/u9710203m_c0m.fits[sci,2]
[INFO    ] Applying sky value of 1.047322 to /home/mmarcano/Documents/NGC6397F336W/Try/data/u9710103m_c0m.fits[sci,2]
[INFO    ] Writing out mask file: /home/mmarcano/Documents/NGC6397F336W/Try/data/u9710203m_c0m_sci2_single_mask.fits
[INFO    ] Using WCSLIB-based coordinate transformation...
[INFO    ] stepsize = 10
[INFO    ] -Drizzling using kernel = turbo

[INFO    ] Writing out mask file: /home/mmarcano/Documents/NGC6397F336W/Try/data/u9710103m_c0m_sci2_single_mask.fits
[INFO    ] Using WCSLIB-based coordinate transformation...
[INFO    ] stepsize = 10
[INFO    ] -Drizzling using kernel = turbo

[INFO    ] -Drizzle input: /home/mmarcano/Documents/NGC6397F336W/Try/data/u9710203m_c0m.fits[sci,3]
[INFO    ] -Drizzle input: /home/mmarcano/Documents/NGC6397F336W/Try/data/u9710103m_c0m.fits[sci,3]
[INFO    ] Applying sky value of 0.971955 to /home/mmarcano/Documents/NGC6397F336W/Try/data/u9710203m_c0m.fits[sci,3]
[INFO    ] Applying sky value of 1.046922 to /home/mmarcano/Documents/NGC6397F336W/Try/data/u9710103m_c0m.fits[sci,3]
[INFO    ] Writing out mask file: /home/mmarcano/Documents/NGC6397F336W/Try/data/u9710203m_c0m_sci3_single_mask.fits
[INFO    ] Using WCSLIB-based coordinate transformation...
[INFO    ] stepsize = 10
[INFO    ] -Drizzling using kernel = turbo

[INFO    ] Writing out mask file: /home/mmarcano/Documents/NGC6397F336W/Try/data/u9710103m_c0m_sci3_single_mask.fits
[INFO    ] Using WCSLIB-based coordinate transformation...
[INFO    ] stepsize = 10
[INFO    ] -Drizzling using kernel = turbo

[INFO    ] -Drizzle input: /home/mmarcano/Documents/NGC6397F336W/Try/data/u9710203m_c0m.fits[sci,4]
[INFO    ] -Drizzle input: /home/mmarcano/Documents/NGC6397F336W/Try/data/u9710103m_c0m.fits[sci,4]
[INFO    ] Applying sky value of 0.972873 to /home/mmarcano/Documents/NGC6397F336W/Try/data/u9710203m_c0m.fits[sci,4]
[INFO    ] Applying sky value of 1.047911 to /home/mmarcano/Documents/NGC6397F336W/Try/data/u9710103m_c0m.fits[sci,4]
[INFO    ] Writing out mask file: /home/mmarcano/Documents/NGC6397F336W/Try/data/u9710203m_c0m_sci4_single_mask.fits
[INFO    ] Using WCSLIB-based coordinate transformation...
[INFO    ] stepsize = 10
[INFO    ] -Drizzling using kernel = turbo

[INFO    ] Writing out mask file: /home/mmarcano/Documents/NGC6397F336W/Try/data/u9710103m_c0m_sci4_single_mask.fits
[INFO    ] Using WCSLIB-based coordinate transformation...
[INFO    ] stepsize = 10
[INFO    ] -Drizzling using kernel = turbo

[WARNING ] ! 188 points were outside the output image.
[INFO    ] -Generating simple FITS output: /home/mmarcano/Documents/NGC6397F336W/Try/data/u9710203m_c0m_single_sci.fits
[INFO    ] -Generating simple FITS output: /home/mmarcano/Documents/NGC6397F336W/Try/data/u9710103m_c0m_single_sci.fits
[INFO    ] Writing out image to disk: /home/mmarcano/Documents/NGC6397F336W/Try/data/u9710203m_c0m_single_sci.fits
[INFO    ] Writing out image to disk: /home/mmarcano/Documents/NGC6397F336W/Try/data/u9710103m_c0m_single_sci.fits
[INFO    ] Deleted all instances of WCS with key A in extensions [0]
[INFO    ] Deleted all instances of WCS with key B in extensions [0]
[INFO    ] Writing out image to disk: /home/mmarcano/Documents/NGC6397F336W/Try/data/u9710203m_c0m_single_wht.fits
[INFO    ] Deleted all instances of WCS with key A in extensions [0]
[INFO    ] Deleted all instances of WCS with key B in extensions [0]
[INFO    ] Deleted all instances of WCS with key C in extensions [0]
[INFO    ] Writing out image to disk: /home/mmarcano/Documents/NGC6397F336W/Try/data/u9710103m_c0m_single_wht.fits
[INFO    ] ==== Processing Step  Separate Drizzle  finished at  14:11:23.473 (03/05/2019)
[INFO    ] 
[INFO    ] ==== Processing Step  Create Median  started at  14:11:23.47 (03/05/2019)
[INFO    ] USER INPUT PARAMETERS for Create Median Step:
[INFO    ] 	combine_bufsize :	None
[INFO    ] 	combine_grow :	1
[INFO    ] 	combine_hthresh :	None
[INFO    ] 	combine_lthresh :	None
[INFO    ] 	combine_maskpt :	0.3
[INFO    ] 	combine_nhigh :	0
[INFO    ] 	combine_nlow :	0
[INFO    ] 	combine_nsigma :	4 3
[INFO    ] 	combine_type :	median
[INFO    ] 	compress :	False
[INFO    ] 	median :	True
[INFO    ] 	median_newmasks :	True
[INFO    ] 	proc_unit :	native
[INFO    ] reference sky value for image '/home/mmarcano/Documents/NGC6397F336W/Try/data/u9710103m_c0m.fits' is 7.44016831768
[INFO    ] reference sky value for image '/home/mmarcano/Documents/NGC6397F336W/Try/data/u9710203m_c0m.fits' is 6.90740183989
[INFO    ] Saving output median image to: 'final_med.fits'
[INFO    ] ==== Processing Step  Create Median  finished at  14:11:24.898 (03/05/2019)
[INFO    ] 
[INFO    ] ==== Processing Step  Blot  started at  14:11:24.901 (03/05/2019)
[INFO    ] USER INPUT PARAMETERS for Blot Step:
[INFO    ] 	blot_addsky :	True
[INFO    ] 	blot_interp :	poly5
[INFO    ] 	blot_sinscl :	1.0
[INFO    ] 	blot_skyval :	0.0
[INFO    ] 	coeffs :	True
[INFO    ]     Blot: creating blotted image:  /home/mmarcano/Documents/NGC6397F336W/Try/data/u9710103m_c0m.fits[sci,1]
[INFO    ] Using default C-based coordinate transformation...
[INFO    ] Applying sky value of 0.218921 to blotted image /home/mmarcano/Documents/NGC6397F336W/Try/data/u9710103m_c0m.fits[sci,1]
[INFO    ] -Generating simple FITS output: /home/mmarcano/Documents/NGC6397F336W/Try/data/u9710103m_c0m_sci1_blt.fits
[INFO    ] Writing out image to disk: /home/mmarcano/Documents/NGC6397F336W/Try/data/u9710103m_c0m_sci1_blt.fits
[INFO    ]     Blot: creating blotted image:  /home/mmarcano/Documents/NGC6397F336W/Try/data/u9710103m_c0m.fits[sci,2]
[INFO    ] Using default C-based coordinate transformation...
[INFO    ] Applying sky value of 1.047322 to blotted image /home/mmarcano/Documents/NGC6397F336W/Try/data/u9710103m_c0m.fits[sci,2]
[INFO    ] -Generating simple FITS output: /home/mmarcano/Documents/NGC6397F336W/Try/data/u9710103m_c0m_sci2_blt.fits
[INFO    ] Writing out image to disk: /home/mmarcano/Documents/NGC6397F336W/Try/data/u9710103m_c0m_sci2_blt.fits
[INFO    ]     Blot: creating blotted image:  /home/mmarcano/Documents/NGC6397F336W/Try/data/u9710103m_c0m.fits[sci,3]
[INFO    ] Using default C-based coordinate transformation...
[INFO    ] Applying sky value of 1.046922 to blotted image /home/mmarcano/Documents/NGC6397F336W/Try/data/u9710103m_c0m.fits[sci,3]
[INFO    ] -Generating simple FITS output: /home/mmarcano/Documents/NGC6397F336W/Try/data/u9710103m_c0m_sci3_blt.fits
[INFO    ] Writing out image to disk: /home/mmarcano/Documents/NGC6397F336W/Try/data/u9710103m_c0m_sci3_blt.fits
[INFO    ]     Blot: creating blotted image:  /home/mmarcano/Documents/NGC6397F336W/Try/data/u9710103m_c0m.fits[sci,4]
[INFO    ] Using default C-based coordinate transformation...
[INFO    ] Applying sky value of 1.047911 to blotted image /home/mmarcano/Documents/NGC6397F336W/Try/data/u9710103m_c0m.fits[sci,4]
[INFO    ] -Generating simple FITS output: /home/mmarcano/Documents/NGC6397F336W/Try/data/u9710103m_c0m_sci4_blt.fits
[INFO    ] Writing out image to disk: /home/mmarcano/Documents/NGC6397F336W/Try/data/u9710103m_c0m_sci4_blt.fits
[INFO    ]     Blot: creating blotted image:  /home/mmarcano/Documents/NGC6397F336W/Try/data/u9710203m_c0m.fits[sci,1]
[INFO    ] Using default C-based coordinate transformation...
[INFO    ] Applying sky value of 0.203245 to blotted image /home/mmarcano/Documents/NGC6397F336W/Try/data/u9710203m_c0m.fits[sci,1]
[INFO    ] -Generating simple FITS output: /home/mmarcano/Documents/NGC6397F336W/Try/data/u9710203m_c0m_sci1_blt.fits
[INFO    ] Writing out image to disk: /home/mmarcano/Documents/NGC6397F336W/Try/data/u9710203m_c0m_sci1_blt.fits
[INFO    ]     Blot: creating blotted image:  /home/mmarcano/Documents/NGC6397F336W/Try/data/u9710203m_c0m.fits[sci,2]
[INFO    ] Using default C-based coordinate transformation...
[INFO    ] Applying sky value of 0.972326 to blotted image /home/mmarcano/Documents/NGC6397F336W/Try/data/u9710203m_c0m.fits[sci,2]
[INFO    ] -Generating simple FITS output: /home/mmarcano/Documents/NGC6397F336W/Try/data/u9710203m_c0m_sci2_blt.fits
[INFO    ] Writing out image to disk: /home/mmarcano/Documents/NGC6397F336W/Try/data/u9710203m_c0m_sci2_blt.fits
[INFO    ]     Blot: creating blotted image:  /home/mmarcano/Documents/NGC6397F336W/Try/data/u9710203m_c0m.fits[sci,3]
[INFO    ] Using default C-based coordinate transformation...
[INFO    ] Applying sky value of 0.971955 to blotted image /home/mmarcano/Documents/NGC6397F336W/Try/data/u9710203m_c0m.fits[sci,3]
[INFO    ] -Generating simple FITS output: /home/mmarcano/Documents/NGC6397F336W/Try/data/u9710203m_c0m_sci3_blt.fits
[INFO    ] Writing out image to disk: /home/mmarcano/Documents/NGC6397F336W/Try/data/u9710203m_c0m_sci3_blt.fits
[INFO    ]     Blot: creating blotted image:  /home/mmarcano/Documents/NGC6397F336W/Try/data/u9710203m_c0m.fits[sci,4]
[INFO    ] Using default C-based coordinate transformation...
[INFO    ] Applying sky value of 0.972873 to blotted image /home/mmarcano/Documents/NGC6397F336W/Try/data/u9710203m_c0m.fits[sci,4]
[INFO    ] -Generating simple FITS output: /home/mmarcano/Documents/NGC6397F336W/Try/data/u9710203m_c0m_sci4_blt.fits
[INFO    ] Writing out image to disk: /home/mmarcano/Documents/NGC6397F336W/Try/data/u9710203m_c0m_sci4_blt.fits
[INFO    ] ==== Processing Step  Blot  finished at  14:11:29.090 (03/05/2019)
[INFO    ] 
[INFO    ] ==== Processing Step  Driz_CR  started at  14:11:29.09 (03/05/2019)
[INFO    ] USER INPUT PARAMETERS for Driz_CR Step:
[INFO    ] 	crbit :	4096
[INFO    ] 	driz_cr :	True
[INFO    ] 	driz_cr_corr :	True
[INFO    ] 	driz_cr_ctegrow :	0
[INFO    ] 	driz_cr_grow :	1
[INFO    ] 	driz_cr_scale :	2.0 1.5
[INFO    ] 	driz_cr_snr :	5.5 3.5
[INFO    ] 	inmemory :	False
[INFO    ] Executing 2 parallel workers
[INFO    ] Creating output :  /home/mmarcano/Documents/NGC6397F336W/Try/data/u9710103m_c0m_sci1_crmask.fits
[INFO    ] Creating output :  /home/mmarcano/Documents/NGC6397F336W/Try/data/u9710203m_c0m_sci1_crmask.fits
[INFO    ] Creating output :  /home/mmarcano/Documents/NGC6397F336W/Try/data/u9710103m_c0m_sci2_crmask.fits
[INFO    ] Creating output :  /home/mmarcano/Documents/NGC6397F336W/Try/data/u9710203m_c0m_sci2_crmask.fits
[INFO    ] Creating output :  /home/mmarcano/Documents/NGC6397F336W/Try/data/u9710103m_c0m_sci3_crmask.fits
[INFO    ] Creating output :  /home/mmarcano/Documents/NGC6397F336W/Try/data/u9710203m_c0m_sci3_crmask.fits
[INFO    ] Creating output :  /home/mmarcano/Documents/NGC6397F336W/Try/data/u9710103m_c0m_sci4_crmask.fits
[INFO    ] Creating output :  /home/mmarcano/Documents/NGC6397F336W/Try/data/u9710203m_c0m_sci4_crmask.fits
[INFO    ] Created CR corrected file:  /home/mmarcano/Documents/NGC6397F336W/Try/data/u9710103m_c0m_crclean.fits
[INFO    ] Created CR corrected file:  /home/mmarcano/Documents/NGC6397F336W/Try/data/u9710203m_c0m_crclean.fits
[INFO    ] ==== Processing Step  Driz_CR  finished at  14:11:30.147 (03/05/2019)
[INFO    ] 
[INFO    ] ==== Processing Step  Final Drizzle  started at  14:11:30.164 (03/05/2019)
[INFO    ] Interpreted paramDict with single=False as:
{'pixfrac': 1.0, 'kernel': 'square', 'units': 'cps', 'wcskey': '', 'maskval': None, 'wt_scl': 'exptime', 'stepsize': 10, 'build': False, 'fillval': 99999, 'coeffs': True, 'bits': 1032, 'wht_type': 'EXP'}
[INFO    ] USER INPUT PARAMETERS for Final Drizzle Step:
[INFO    ] 	bits :	1032
[INFO    ] 	build :	False
[INFO    ] 	clean :	False
[INFO    ] 	coeffs :	True
[INFO    ] 	crbit :	4096
[INFO    ] 	fillval :	99999
[INFO    ] 	kernel :	square
[INFO    ] 	maskval :	None
[INFO    ] 	pixfrac :	1.0
[INFO    ] 	proc_unit :	native
[INFO    ] 	stepsize :	10
[INFO    ] 	units :	cps
[INFO    ] 	wcskey :	
[INFO    ] 	wht_type :	EXP
[INFO    ] 	wt_scl :	exptime
[INFO    ]   **Using sub-sampling value of 10 for kernel square
[INFO    ] Running Drizzle to create output frame with WCS of: 
[INFO    ] WCS Keywords
[INFO    ] 
[INFO    ] Number of WCS axes: 2
[INFO    ] CTYPE : 'RA---TAN'  'DEC--TAN'  
[INFO    ] CRVAL : 265.1475905879907  -53.666361708665825  
[INFO    ] CRPIX : 1666.0  1644.0  
[INFO    ] CD1_1 CD1_2  : -8.986323155497624e-06  -8.893021201101392e-06  
[INFO    ] CD2_1 CD2_2  : -8.893021201101392e-06  8.986323155497624e-06  
[INFO    ] NAXIS : 3332  3288
[INFO    ] -Drizzle input: /home/mmarcano/Documents/NGC6397F336W/Try/data/u9710103m_c0m.fits[sci,1]
[INFO    ] Applying sky value of 0.218921 to /home/mmarcano/Documents/NGC6397F336W/Try/data/u9710103m_c0m.fits[sci,1]
[INFO    ] Applying EXPTIME weighting to DQ mask for chip 1
[INFO    ] Writing out mask file: /home/mmarcano/Documents/NGC6397F336W/Try/data/u9710103m_c0m_sci1_final_mask.fits
[INFO    ] Using WCSLIB-based coordinate transformation...
[INFO    ] stepsize = 10
[INFO    ] -Drizzling using kernel = square

[INFO    ] -Drizzle input: /home/mmarcano/Documents/NGC6397F336W/Try/data/u9710103m_c0m.fits[sci,2]
[INFO    ] Applying sky value of 1.047322 to /home/mmarcano/Documents/NGC6397F336W/Try/data/u9710103m_c0m.fits[sci,2]
[INFO    ] Applying EXPTIME weighting to DQ mask for chip 2
[INFO    ] Writing out mask file: /home/mmarcano/Documents/NGC6397F336W/Try/data/u9710103m_c0m_sci2_final_mask.fits
[INFO    ] Using WCSLIB-based coordinate transformation...
[INFO    ] stepsize = 10
[INFO    ] -Drizzling using kernel = square

[INFO    ] -Drizzle input: /home/mmarcano/Documents/NGC6397F336W/Try/data/u9710103m_c0m.fits[sci,3]
[INFO    ] Applying sky value of 1.046922 to /home/mmarcano/Documents/NGC6397F336W/Try/data/u9710103m_c0m.fits[sci,3]
[INFO    ] Applying EXPTIME weighting to DQ mask for chip 3
[INFO    ] Writing out mask file: /home/mmarcano/Documents/NGC6397F336W/Try/data/u9710103m_c0m_sci3_final_mask.fits
[INFO    ] Using WCSLIB-based coordinate transformation...
[INFO    ] stepsize = 10
[INFO    ] -Drizzling using kernel = square

[INFO    ] -Drizzle input: /home/mmarcano/Documents/NGC6397F336W/Try/data/u9710103m_c0m.fits[sci,4]
[INFO    ] Applying sky value of 1.047911 to /home/mmarcano/Documents/NGC6397F336W/Try/data/u9710103m_c0m.fits[sci,4]
[INFO    ] Applying EXPTIME weighting to DQ mask for chip 4
[INFO    ] Writing out mask file: /home/mmarcano/Documents/NGC6397F336W/Try/data/u9710103m_c0m_sci4_final_mask.fits
[INFO    ] Using WCSLIB-based coordinate transformation...
[INFO    ] stepsize = 10
[INFO    ] -Drizzling using kernel = square

[INFO    ] -Drizzle input: /home/mmarcano/Documents/NGC6397F336W/Try/data/u9710203m_c0m.fits[sci,1]
[INFO    ] Applying sky value of 0.203245 to /home/mmarcano/Documents/NGC6397F336W/Try/data/u9710203m_c0m.fits[sci,1]
[INFO    ] Applying EXPTIME weighting to DQ mask for chip 1
[INFO    ] Writing out mask file: /home/mmarcano/Documents/NGC6397F336W/Try/data/u9710203m_c0m_sci1_final_mask.fits
[INFO    ] Using WCSLIB-based coordinate transformation...
[INFO    ] stepsize = 10
[INFO    ] -Drizzling using kernel = square

[INFO    ] -Drizzle input: /home/mmarcano/Documents/NGC6397F336W/Try/data/u9710203m_c0m.fits[sci,2]
[INFO    ] Applying sky value of 0.972326 to /home/mmarcano/Documents/NGC6397F336W/Try/data/u9710203m_c0m.fits[sci,2]
[INFO    ] Applying EXPTIME weighting to DQ mask for chip 2
[INFO    ] Writing out mask file: /home/mmarcano/Documents/NGC6397F336W/Try/data/u9710203m_c0m_sci2_final_mask.fits
[INFO    ] Using WCSLIB-based coordinate transformation...
[INFO    ] stepsize = 10
[INFO    ] -Drizzling using kernel = square

[INFO    ] -Drizzle input: /home/mmarcano/Documents/NGC6397F336W/Try/data/u9710203m_c0m.fits[sci,3]
[INFO    ] Applying sky value of 0.971955 to /home/mmarcano/Documents/NGC6397F336W/Try/data/u9710203m_c0m.fits[sci,3]
[INFO    ] Applying EXPTIME weighting to DQ mask for chip 3
[INFO    ] Writing out mask file: /home/mmarcano/Documents/NGC6397F336W/Try/data/u9710203m_c0m_sci3_final_mask.fits
[INFO    ] Using WCSLIB-based coordinate transformation...
[INFO    ] stepsize = 10
[INFO    ] -Drizzling using kernel = square

[INFO    ] -Drizzle input: /home/mmarcano/Documents/NGC6397F336W/Try/data/u9710203m_c0m.fits[sci,4]
[INFO    ] Applying sky value of 0.972873 to /home/mmarcano/Documents/NGC6397F336W/Try/data/u9710203m_c0m.fits[sci,4]
[INFO    ] Applying EXPTIME weighting to DQ mask for chip 4
[INFO    ] Writing out mask file: /home/mmarcano/Documents/NGC6397F336W/Try/data/u9710203m_c0m_sci4_final_mask.fits
[INFO    ] Using WCSLIB-based coordinate transformation...
[INFO    ] stepsize = 10
[INFO    ] -Drizzling using kernel = square

[WARNING ] ! 193 points were outside the output image.
[INFO    ] Deleting previous output product: final_drz_sci.fits
[INFO    ] Deleting previous output WHT product: final_drz_wht.fits
[INFO    ] Deleting previous output CTX product: final_drz_ctx.fits
[INFO    ] -Generating simple FITS output: final_drz_sci.fits
[INFO    ] Writing out image to disk: final_drz_sci.fits
[INFO    ] Deleted all instances of WCS with key A in extensions [0]
[INFO    ] Deleted all instances of WCS with key B in extensions [0]
[INFO    ] Deleted all instances of WCS with key C in extensions [0]
[INFO    ] Writing out image to disk: final_drz_wht.fits
[INFO    ] Deleted all instances of WCS with key A in extensions [0]
[INFO    ] Deleted all instances of WCS with key B in extensions [0]
[INFO    ] Deleted all instances of WCS with key C in extensions [0]
[INFO    ] Writing out image to disk: final_drz_ctx.fits
[INFO    ] ==== Processing Step  Final Drizzle  finished at  14:11:36.522 (03/05/2019)
[INFO    ] 
[INFO    ] 
[INFO    ] AstroDrizzle Version 2.2.6 is finished processing at 14:11:36.526 (03/05/2019).
[INFO    ] 
[INFO    ] 
[INFO    ]    --------------------          --------------------
[INFO    ]                    Step          Elapsed time
[INFO    ]    --------------------          --------------------
[INFO    ] 
[INFO    ]          Initialization          3.1311 sec.
[INFO    ]             Static Mask          0.1811 sec.
[INFO    ]            Subtract Sky          1.0481 sec.
[INFO    ]        Separate Drizzle          2.0329 sec.
[INFO    ]           Create Median          1.4221 sec.
[INFO    ]                    Blot          4.1885 sec.
[INFO    ]                 Driz_CR          1.0544 sec.
[INFO    ]           Final Drizzle          6.3581 sec.
[INFO    ]    ====================          ====================
[INFO    ]                   Total          19.4163 sec.
[INFO    ] Trailer file written to:  astrodrizzle.log
