[INFO    ] Setting up logfile :  tweakreg.log
[INFO    ] TweakReg Version 1.4.7(18-April-2018) started at: 14:10:49.627 (03/05/2019) 
[INFO    ] 
[INFO    ] Version Information
[INFO    ] --------------------
[INFO    ] Python Version [GCC 7.3.0]
[INFO    ] 2.7.15 |Anaconda, Inc.| (default, Dec 14 2018, 19:04:19) 
[INFO    ] numpy Version -> 1.16.3 
[INFO    ] astropy Version -> 2.0.9 
[INFO    ] stwcs Version -> 1.3.2 
[INFO    ] 
[INFO    ] USER INPUT PARAMETERS common to all Processing Steps:
[INFO    ] 	clean :	False
[INFO    ] 	enforce_user_order :	True
[INFO    ] 	exclusions :	
[INFO    ] 	expand_refcat :	False
[INFO    ] 	input :	data/u9710203m_c0m.fits,data/u9710103m_c0m.fits
[INFO    ] 	interactive :	False
[INFO    ] 	refimage :	
[INFO    ] 	runfile :	tweakreg.log
[INFO    ] 	updatewcs :	False
[INFO    ] 	verbose :	False
[INFO    ] 	writecat :	True
[INFO    ] 
[INFO    ] Finding shifts for: 
[INFO    ]     /home/mmarcano/Documents/NGC6397F336W/Try/data/u9710203m_c0m.fits
[INFO    ]     /home/mmarcano/Documents/NGC6397F336W/Try/data/u9710103m_c0m.fits
[INFO    ] 
[INFO    ] USER INPUT PARAMETERS for finding sources for each input image:
[INFO    ] 	clean :	False
[INFO    ] 	computesig :	True
[INFO    ] 	conv_width :	3.0
[INFO    ] 	dqbits :	
[INFO    ] 	enforce_user_order :	True
[INFO    ] 	expand_refcat :	False
[INFO    ] 	fluxmax :	None
[INFO    ] 	fluxmin :	None
[INFO    ] 	input :	data/u9710203m_c0m.fits,data/u9710103m_c0m.fits
[INFO    ] 	interactive :	False
[INFO    ] 	nsigma :	1.5
[INFO    ] 	peakmax :	10000
[INFO    ] 	peakmin :	100
[INFO    ] 	ratio :	1.0
[INFO    ] 	refimage :	
[INFO    ] 	roundhi :	1.0
[INFO    ] 	roundlo :	-1.0
[INFO    ] 	runfile :	tweakreg.log
[INFO    ] 	sharphi :	1.0
[INFO    ] 	sharplo :	0.2
[INFO    ] 	skysigma :	0.0
[INFO    ] 	theta :	0.0
[INFO    ] 	threshold :	300.0
[INFO    ] 	updatehdr :	True
[INFO    ] 	updatewcs :	False
[INFO    ] 	use_sharp_round :	False
[INFO    ] 	verbose :	False
[INFO    ] 	writecat :	True
[INFO    ] 	xyunits :	pixels
[INFO    ] 
[INFO    ] ===  Source finding for image '/home/mmarcano/Documents/NGC6397F336W/Try/data/u9710203m_c0m.fits':
[INFO    ]   #  Source finding for '/home/mmarcano/Documents/NGC6397F336W/Try/data/u9710203m_c0m.fits', EXT=('SCI', 1) started at: 14:10:49.761 (03/05/2019)
[INFO    ]    Finding sources using sky sigma = 1.064002
[INFO    ] ###Source finding finished at: 14:10:49.83 (03/05/2019)
[INFO    ]      Found 337 objects.
[INFO    ]   #  Source finding for '/home/mmarcano/Documents/NGC6397F336W/Try/data/u9710203m_c0m.fits', EXT=('SCI', 2) started at: 14:10:49.900 (03/05/2019)
[INFO    ]    Finding sources using sky sigma = 1.397697
[INFO    ] ###Source finding finished at: 14:10:49.959 (03/05/2019)
[INFO    ]      Found 412 objects.
[INFO    ]   #  Source finding for '/home/mmarcano/Documents/NGC6397F336W/Try/data/u9710203m_c0m.fits', EXT=('SCI', 3) started at: 14:10:50.009 (03/05/2019)
[INFO    ]    Finding sources using sky sigma = 1.592080
[INFO    ] ###Source finding finished at: 14:10:50.079 (03/05/2019)
[INFO    ]      Found 857 objects.
[INFO    ]   #  Source finding for '/home/mmarcano/Documents/NGC6397F336W/Try/data/u9710203m_c0m.fits', EXT=('SCI', 4) started at: 14:10:50.132 (03/05/2019)
[INFO    ]    Finding sources using sky sigma = 1.248278
[INFO    ] ###Source finding finished at: 14:10:50.196 (03/05/2019)
[INFO    ]      Found 627 objects.
[INFO    ] ===  FINAL number of objects in image '/home/mmarcano/Documents/NGC6397F336W/Try/data/u9710203m_c0m.fits': 2233
[INFO    ] 
[INFO    ] ===  Source finding for image '/home/mmarcano/Documents/NGC6397F336W/Try/data/u9710103m_c0m.fits':
[INFO    ]   #  Source finding for '/home/mmarcano/Documents/NGC6397F336W/Try/data/u9710103m_c0m.fits', EXT=('SCI', 1) started at: 14:10:50.685 (03/05/2019)
[INFO    ]    Finding sources using sky sigma = 0.955484
[INFO    ] ###Source finding finished at: 14:10:50.753 (03/05/2019)
[INFO    ]      Found 403 objects.
[INFO    ]   #  Source finding for '/home/mmarcano/Documents/NGC6397F336W/Try/data/u9710103m_c0m.fits', EXT=('SCI', 2) started at: 14:10:50.800 (03/05/2019)
[INFO    ]    Finding sources using sky sigma = 1.408222
[INFO    ] ###Source finding finished at: 14:10:50.862 (03/05/2019)
[INFO    ]      Found 490 objects.
[INFO    ]   #  Source finding for '/home/mmarcano/Documents/NGC6397F336W/Try/data/u9710103m_c0m.fits', EXT=('SCI', 3) started at: 14:10:50.916 (03/05/2019)
[INFO    ]    Finding sources using sky sigma = 2.072329
[INFO    ] ###Source finding finished at: 14:10:50.983 (03/05/2019)
[INFO    ]      Found 723 objects.
[INFO    ]   #  Source finding for '/home/mmarcano/Documents/NGC6397F336W/Try/data/u9710103m_c0m.fits', EXT=('SCI', 4) started at: 14:10:51.053 (03/05/2019)
[INFO    ]    Finding sources using sky sigma = 1.816148
[INFO    ] ###Source finding finished at: 14:10:51.119 (03/05/2019)
[INFO    ]      Found 499 objects.
[INFO    ] ===  FINAL number of objects in image '/home/mmarcano/Documents/NGC6397F336W/Try/data/u9710103m_c0m.fits': 2115
[INFO    ] 
[INFO    ] Converting RA/Dec positions of reference sources from "/home/mmarcano/Documents/NGC6397F336W/Try/data/u9710203m_c0m.fits" to X,Y positions in reference WCS...
[INFO    ] 
[INFO    ] ===============================================================
[INFO    ] Performing alignment in the projection plane defined by the WCS
[INFO    ] derived from '/home/mmarcano/Documents/NGC6397F336W/Try/data/u9710203m_c0m.fits'
[INFO    ] ===============================================================
[INFO    ] 
[INFO    ] USER INPUT PARAMETERS for matching sources:
[INFO    ] 	minobj :	15
[INFO    ] 	residplot :	both
[INFO    ] 	searchrad :	1.0
[INFO    ] 	searchunits :	arcseconds
[INFO    ] 	see2dplot :	True
[INFO    ] 	separation :	0.5
[INFO    ] 	tolerance :	1.0
[INFO    ] 	use2dhist :	True
[INFO    ] 	xoffset :	0.0
[INFO    ] 	yoffset :	0.0
[INFO    ] 
[INFO    ] USER INPUT PARAMETERS for fitting source lists:
[INFO    ] 	fitgeometry :	rscale
[INFO    ] 	labelsize :	8
[INFO    ] 	minobj :	15
[INFO    ] 	nclip :	3
[INFO    ] 	residplot :	both
[INFO    ] 	sigma :	3.0
[INFO    ] 	ylimit :	None
[INFO    ] 
[INFO    ] ====================
[INFO    ] Performing fit for: /home/mmarcano/Documents/NGC6397F336W/Try/data/u9710103m_c0m.fits
[INFO    ] 
[INFO    ] Matching sources from '/home/mmarcano/Documents/NGC6397F336W/Try/data/u9710103m_c0m.fits' with sources from reference image '/home/mmarcano/Documents/NGC6397F336W/Try/data/u9710203m_c0m.fits'
[INFO    ] Computing initial guess for X and Y shifts...
[INFO    ] Found initial X and Y shifts of  -0.9180701004787863 -0.5891693912589275
[INFO    ]     with significance of  2128.929101744153 and  593.0  matches
[INFO    ] Found 1040 matches for /home/mmarcano/Documents/NGC6397F336W/Try/data/u9710103m_c0m.fits...
[INFO    ] Performing "rscale" fit
[INFO    ] Performing "rscale" fit
[INFO    ] Performing "rscale" fit
[INFO    ] Performing "rscale" fit
[INFO    ] Computed  rscale  fit for  /home/mmarcano/Documents/NGC6397F336W/Try/data/u9710103m_c0m.fits : 
[INFO    ] XSH: -0.1752  YSH: -0.0174    ROT: 359.9989949    SCALE: 0.999975
[INFO    ] XRMS: 0.11    YRMS: 0.13
[INFO    ] 
[INFO    ] RMS_RA: 3.6e-06 (deg)   RMS_DEC: 2.6e-07 (deg)
[INFO    ] 
[INFO    ] Final solution based on  976  objects.
[INFO    ] Creating catalog for the fit: u9710103m_c0m_catalog_fit.match
[INFO    ] wrote XY data to:  u9710103m_c0m_catalog_fit.match
[INFO    ] Total # points:  976
[INFO    ] # of points after clipping:  976
[INFO    ] Total # points:  976
[INFO    ] # of points after clipping:  976
[INFO    ] 
[INFO    ] ....Updating header for /home/mmarcano/Documents/NGC6397F336W/Try/data/u9710103m_c0m.fits...
[INFO    ] 
[INFO    ] 
[INFO    ] Processing /home/mmarcano/Documents/NGC6397F336W/Try/data/u9710103m_c0m.fits['SCI',1]
[INFO    ] 
[INFO    ] Updating header for /home/mmarcano/Documents/NGC6397F336W/Try/data/u9710103m_c0m.fits[1]
[INFO    ]     with WCS of
[INFO    ] WCS Keywords
[INFO    ] 
[INFO    ] CD_11  CD_12: -8.998051355963955e-06 -8.89270752214402e-06
[INFO    ] CD_21  CD_22: -8.88277225055451e-06 8.983592010496852e-06
[INFO    ] CRVAL    : 265.1359717735789 -53.66656320104391
[INFO    ] CRPIX    : 425.0 425.0
[INFO    ] NAXIS    : 800 800
[INFO    ] Plate Scale : 0.04551693694461962
[INFO    ] ORIENTAT : -44.708706338735865
[INFO    ] WCSNAME  :  TWEAK
[INFO    ] 
[INFO    ] Processing /home/mmarcano/Documents/NGC6397F336W/Try/data/u9710103m_c0m.fits['SCI',2]
[INFO    ] 
[INFO    ] Updating header for /home/mmarcano/Documents/NGC6397F336W/Try/data/u9710103m_c0m.fits[2]
[INFO    ]     with WCS of
[INFO    ] WCS Keywords
[INFO    ] 
[INFO    ] CD_11  CD_12: -1.962367865476603e-05 1.9481177992798752e-05
[INFO    ] CD_21  CD_22: 1.9486492321687703e-05 1.9623110782871922e-05
[INFO    ] CRVAL    : 265.14798735747377 -53.6514013440483
[INFO    ] CRPIX    : 425.0 425.0
[INFO    ] NAXIS    : 800 800
[INFO    ] Plate Scale : 0.09955632807027384
[INFO    ] ORIENTAT : 44.79204035184629
[INFO    ] WCSNAME  :  TWEAK
[INFO    ] 
[INFO    ] Processing /home/mmarcano/Documents/NGC6397F336W/Try/data/u9710103m_c0m.fits['SCI',3]
[INFO    ] 
[INFO    ] Updating header for /home/mmarcano/Documents/NGC6397F336W/Try/data/u9710103m_c0m.fits[3]
[INFO    ]     with WCS of
[INFO    ] WCS Keywords
[INFO    ] 
[INFO    ] CD_11  CD_12: 1.9580884948902534e-05 1.9518739179707537e-05
[INFO    ] CD_21  CD_22: 1.9522022766606597e-05 -1.9579873827488893e-05
[INFO    ] CRVAL    : 265.1726081232759 -53.66624807548236
[INFO    ] CRPIX    : 425.0 425.0
[INFO    ] NAXIS    : 800 800
[INFO    ] Plate Scale : 0.09953733957415302
[INFO    ] ORIENTAT : 135.08958769060885
[INFO    ] WCSNAME  :  TWEAK
[INFO    ] 
[INFO    ] Processing /home/mmarcano/Documents/NGC6397F336W/Try/data/u9710103m_c0m.fits['SCI',4]
[INFO    ] 
[INFO    ] Updating header for /home/mmarcano/Documents/NGC6397F336W/Try/data/u9710103m_c0m.fits[4]
[INFO    ]     with WCS of
[INFO    ] WCS Keywords
[INFO    ] 
[INFO    ] CD_11  CD_12: 1.9330625891764926e-05 -1.9788479500851847e-05
[INFO    ] CD_21  CD_22: -1.9788122552820835e-05 -1.9334216743191044e-05
[INFO    ] CRVAL    : 265.147093782556 -53.68128795399363
[INFO    ] CRPIX    : 425.0 425.0
[INFO    ] NAXIS    : 800 800
[INFO    ] Plate Scale : 0.09958435938606848
[INFO    ] ORIENTAT : -134.3347552259394
[INFO    ] WCSNAME  :  TWEAK
[INFO    ]     Writing out new WCS to alternate WCS: "B"
[INFO    ] Updating WCSCORR table with new WCS solution "TWEAK"
[INFO    ]     Saving Primary WCS to alternate WCS: " "
[INFO    ] Updating WCSCORR table with new WCS solution "TWEAK"
[INFO    ] Trailer file written to:  tweakreg.log
