Reading FITS file Try/u9710103m_c0m.fits
Reading IMAGE extension: 800x800
Reading IMAGE extension: 800x800
Reading IMAGE extension: 800x800
Reading IMAGE extension: 800x800
  BAD=-1.00 SAT=4095.00
  BAD=-151.50 SAT=6144.06
......................................................................
  BAD=-1.00 SAT=4095.00
  BAD=-151.50 SAT=6144.06
......................................................................
  BAD=-1.00 SAT=4095.00
  BAD=-151.50 SAT=6144.06
......................................................................
  BAD=-1.00 SAT=4095.00
  BAD=-151.50 SAT=6144.06
......................................................................
Writing FITS file Try/u9710103m_c0m.sky.fits
Writing IMAGE extension: 800x800
Writing IMAGE extension: 800x800
Writing IMAGE extension: 800x800
Writing IMAGE extension: 800x800
Reading FITS file Try/u9710103m_c0m.fits
Reading IMAGE extension: 800x800
Reading IMAGE extension: 800x800
Reading IMAGE extension: 800x800
Reading IMAGE extension: 800x800
  BAD=-1.00 SAT=4095.00
  BAD=-151.50 SAT=6144.06
......................................................................
  BAD=-1.00 SAT=4095.00
  BAD=-151.50 SAT=6144.06
......................................................................
  BAD=-1.00 SAT=4095.00
  BAD=-151.50 SAT=6144.06
......................................................................
  BAD=-1.00 SAT=4095.00
  BAD=-151.50 SAT=6144.06
......................................................................
Writing FITS file Try/u9710103m_c0m.sky.fits
Writing IMAGE extension: 800x800
Writing IMAGE extension: 800x800
Writing IMAGE extension: 800x800
Writing IMAGE extension: 800x800
Reading FITS file Try/u9710103m_c0m.fits
Reading IMAGE extension: 800x800
Reading IMAGE extension: 800x800
Reading IMAGE extension: 800x800
Reading IMAGE extension: 800x800
  BAD=-1.00 SAT=4095.00
  BAD=-151.50 SAT=6144.06
......................................................................
  BAD=-1.00 SAT=4095.00
  BAD=-151.50 SAT=6144.06
......................................................................
  BAD=-1.00 SAT=4095.00
  BAD=-151.50 SAT=6144.06
......................................................................
  BAD=-1.00 SAT=4095.00
  BAD=-151.50 SAT=6144.06
......................................................................
Writing FITS file Try/u9710103m_c0m.sky.fits
Writing IMAGE extension: 800x800
Writing IMAGE extension: 800x800
Writing IMAGE extension: 800x800
Writing IMAGE extension: 800x800
Reading FITS file Try/u9710103m_c0m.fits
Reading IMAGE extension: 800x800
Reading IMAGE extension: 800x800
Reading IMAGE extension: 800x800
Reading IMAGE extension: 800x800
  BAD=-1.00 SAT=4095.00
  BAD=-151.50 SAT=6144.06
......................................................................
  BAD=-1.00 SAT=4095.00
  BAD=-151.50 SAT=6144.06
......................................................................
  BAD=-1.00 SAT=4095.00
  BAD=-151.50 SAT=6144.06
......................................................................
  BAD=-1.00 SAT=4095.00
  BAD=-151.50 SAT=6144.06
......................................................................
Writing FITS file Try/u9710103m_c0m.sky.fits
Writing IMAGE extension: 800x800
Writing IMAGE extension: 800x800
Writing IMAGE extension: 800x800
Writing IMAGE extension: 800x800
Reading FITS file Try/u9710106m_c0m.fits
Reading IMAGE extension: 800x800
Reading IMAGE extension: 800x800
Reading IMAGE extension: 800x800
Reading IMAGE extension: 800x800
  BAD=-1.00 SAT=4095.00
  BAD=-151.50 SAT=6144.06
......................................................................
  BAD=-1.00 SAT=4095.00
  BAD=-151.50 SAT=6144.06
......................................................................
  BAD=-1.00 SAT=4095.00
  BAD=-151.50 SAT=6144.06
......................................................................
  BAD=-1.00 SAT=4095.00
  BAD=-151.50 SAT=6144.06
......................................................................
Writing FITS file Try/u9710106m_c0m.sky.fits
Writing IMAGE extension: 800x800
Writing IMAGE extension: 800x800
Writing IMAGE extension: 800x800
Writing IMAGE extension: 800x800
Reading FITS file Try/u9710106m_c0m.fits
Reading IMAGE extension: 800x800
Reading IMAGE extension: 800x800
Reading IMAGE extension: 800x800
Reading IMAGE extension: 800x800
  BAD=-1.00 SAT=4095.00
  BAD=-151.50 SAT=6144.06
......................................................................
  BAD=-1.00 SAT=4095.00
  BAD=-151.50 SAT=6144.06
......................................................................
  BAD=-1.00 SAT=4095.00
  BAD=-151.50 SAT=6144.06
......................................................................
  BAD=-1.00 SAT=4095.00
  BAD=-151.50 SAT=6144.06
......................................................................
Writing FITS file Try/u9710106m_c0m.sky.fits
Writing IMAGE extension: 800x800
Writing IMAGE extension: 800x800
Writing IMAGE extension: 800x800
Writing IMAGE extension: 800x800
Reading FITS file Try/u9710106m_c0m.fits
Reading IMAGE extension: 800x800
Reading IMAGE extension: 800x800
Reading IMAGE extension: 800x800
Reading IMAGE extension: 800x800
  BAD=-1.00 SAT=4095.00
  BAD=-151.50 SAT=6144.06
......................................................................
  BAD=-1.00 SAT=4095.00
  BAD=-151.50 SAT=6144.06
......................................................................
  BAD=-1.00 SAT=4095.00
  BAD=-151.50 SAT=6144.06
......................................................................
  BAD=-1.00 SAT=4095.00
  BAD=-151.50 SAT=6144.06
......................................................................
Writing FITS file Try/u9710106m_c0m.sky.fits
Writing IMAGE extension: 800x800
Writing IMAGE extension: 800x800
Writing IMAGE extension: 800x800
Writing IMAGE extension: 800x800
Reading FITS file Try/u9710106m_c0m.fits
Reading IMAGE extension: 800x800
Reading IMAGE extension: 800x800
Reading IMAGE extension: 800x800
Reading IMAGE extension: 800x800
  BAD=-1.00 SAT=4095.00
  BAD=-151.50 SAT=6144.06
......................................................................
  BAD=-1.00 SAT=4095.00
  BAD=-151.50 SAT=6144.06
..................Reading FITS file Try/u9710109m_c0m.fits
Reading IMAGE extension: 800x800
Reading IMAGE extension: 800x800
Reading IMAGE extension: 800x800
Reading IMAGE extension: 800x800
  BAD=-1.00 SAT=4095.00
  BAD=-151.50 SAT=6144.06
........Reading FITS file Try/u9710109m_c0m.fits
Reading IMAGE extension: 800x800
Reading IMAGE extension: 800x800
Reading IMAGE extension: 800x800
Reading IMAGE extension: 800x800
  BAD=-1.00 SAT=4095.00
  BAD=-151.50 SAT=6144.06
..Reading FITS file Try/u9710109m_c0m.fits
Reading IMAGE extension: 800x800
Reading IMAGE extension: 800x800
Reading IMAGE extension: 800x800
Reading IMAGE extension: 800x800
  BAD=-1.00 SAT=4095.00
  BAD=-151.50 SAT=6144.06
......................................................................
  BAD=-1.00 SAT=4095.00
  BAD=-151.50 SAT=6144.06
......................................................................
  BAD=-1.00 SAT=4095.00
  BAD=-151.50 SAT=6144.06
......................................................................
  BAD=-1.00 SAT=4095.00
  BAD=-151.50 SAT=6144.06
............